2023-10-10 13:09:07.615 [main] INFO  com.bookroles.tool.dLog_v1.LogUtil - 获取logTotalCount：27
2023-10-10 13:09:07.619 [main] INFO  com.bookroles.tool.dLog_v1.LogUtil - 该此io操作，遍历数据量为：25
2023-10-10 13:09:07.677 [main] INFO  com.bookroles.tool.dLog_v1.LogUtil - 该此io操作，遍历数据量为：27
2023-10-10 13:09:07.693 [main] INFO  com.bookroles.tool.dLog_v1.LogUtil - 日志已经遍历完成，不再进行io操作！
2023-10-10 13:46:13.855 [main] INFO  com.bookroles.tool.dLog_v1.LogUtil - 该此io操作，遍历数据量为：25
2023-10-10 13:46:13.922 [main] INFO  com.bookroles.tool.dLog_v1.LogUtil - 该此io操作，遍历数据量为：27
2023-10-10 13:46:13.935 [main] INFO  com.bookroles.tool.dLog_v1.LogUtil - 日志已经遍历完成，不再进行io操作！
2023-10-10 14:35:37.793 [main] INFO  com.bookroles.tool.dLog_v1.LogUtil - 该此io操作，遍历数据量为：15
2023-10-10 14:35:37.855 [main] INFO  com.bookroles.tool.dLog_v1.LogUtil - 该此io操作，遍历数据量为：25
2023-10-10 14:35:37.872 [main] INFO  com.bookroles.tool.dLog_v1.LogUtil - 该此io操作，遍历数据量为：27
2023-10-10 14:35:37.880 [main] INFO  com.bookroles.tool.dLog_v1.LogUtil - 日志已经遍历完成，不再进行io操作！
2023-10-10 14:37:41.610 [main] INFO  com.bookroles.tool.dLog_v1.LogUtil - 该此io操作，遍历数据量为：15
2023-10-10 14:37:41.674 [main] INFO  com.bookroles.tool.dLog_v1.LogUtil - 该此io操作，遍历数据量为：25
2023-10-10 14:37:41.699 [main] INFO  com.bookroles.tool.dLog_v1.LogUtil - 该此io操作，遍历数据量为：27
2023-10-10 14:37:41.708 [main] INFO  com.bookroles.tool.dLog_v1.LogUtil - 日志已经遍历完成，不再进行io操作！
2023-10-10 14:39:39.127 [main] INFO  com.bookroles.tool.dLog_v1.LogUtil - 该此io操作，遍历数据量为：15
2023-10-10 14:56:14.111 [main] INFO  com.bookroles.tool.dLog_v1.LogUtil - 该此io操作，遍历数据量为：10
2023-10-10 14:56:14.172 [main] INFO  com.bookroles.tool.dLog_v1.LogUtil - 该此io操作，遍历数据量为：20
2023-10-10 14:56:14.191 [main] INFO  com.bookroles.tool.dLog_v1.LogUtil - 该此io操作，遍历数据量为：27
2023-10-10 14:57:33.425 [main] INFO  com.bookroles.tool.dLog_v1.LogUtil - 该此io操作，遍历数据量为：10
2023-10-10 14:57:33.484 [main] INFO  com.bookroles.tool.dLog_v1.LogUtil - 该此io操作，遍历数据量为：20
2023-10-10 14:57:33.503 [main] INFO  com.bookroles.tool.dLog_v1.LogUtil - 该此io操作，遍历数据量为：27
2023-10-10 15:47:19.587 [main] INFO  com.bookroles.tool.dLog_v1.LogUtil - 该此io操作，遍历数据量为：27
2023-10-10 15:47:48.195 [main] INFO  com.bookroles.tool.dLog_v1.LogUtil - 该此io操作，遍历数据量为：27
2023-10-10 15:55:44.247 [logRun0] INFO  com.bookroles.tool.dLog_v1.LogUtil - 该此io操作，遍历数据量为：27
2023-10-10 22:38:34.061 [pool-1-thread-1] INFO  com.bookroles.tool.dLog_v1.LogUtil - 该此io操作，遍历数据量为：27
2023-10-10 22:43:50.768 [pool-1-thread-1] INFO  com.bookroles.tool.dLog_v1.LogUtil - 该此io操作，遍历数据量为：20
2023-10-10 22:43:50.770 [pool-1-thread-1] INFO  com.bookroles.tool.dLog_v1.LogUtil - 该此io操作，遍历数据量为：27
2023-10-10 22:43:50.771 [pool-1-thread-1] INFO  com.bookroles.tool.dLog_v1.LogUtil - 该此io操作，遍历数据量为：10
2023-10-10 22:47:01.971 [pool-1-thread-1] INFO  com.bookroles.tool.dLog_v1.LogUtil - 该此io操作，遍历数据量为：27
2023-10-10 22:47:01.973 [pool-1-thread-1] INFO  com.bookroles.tool.dLog_v1.LogUtil - 该此io操作，遍历数据量为：20
2023-10-10 22:47:01.974 [pool-1-thread-1] INFO  com.bookroles.tool.dLog_v1.LogUtil - 该此io操作，遍历数据量为：10
2023-10-10 22:48:20.609 [pool-1-thread-1] INFO  com.bookroles.tool.dLog_v1.LogUtil - 该此io操作，遍历数据量为：10
2023-10-10 22:49:00.438 [pool-1-thread-1] INFO  com.bookroles.tool.dLog_v1.LogUtil - 该此io操作，遍历数据量为：10
2023-10-10 22:49:00.492 [pool-1-thread-1] INFO  com.bookroles.tool.dLog_v1.LogUtil - 该此io操作，遍历数据量为：20
2023-10-10 22:49:00.511 [pool-1-thread-1] INFO  com.bookroles.tool.dLog_v1.LogUtil - 该此io操作，遍历数据量为：27
2023-10-10 22:56:18.877 [pool-1-thread-1] INFO  com.bookroles.tool.dLog_v1.LogUtil - 该此io操作，遍历数据量为：10
2023-10-10 22:56:18.889 [pool-1-thread-1] INFO  com.bookroles.tool.dLog_v1.LogUtil - 该此io操作，遍历数据量为：20
2023-10-10 22:56:18.896 [pool-1-thread-1] INFO  com.bookroles.tool.dLog_v1.LogUtil - 该此io操作，遍历数据量为：27
2023-10-10 22:58:49.595 [pool-1-thread-1] INFO  com.bookroles.tool.dLog_v1.LogUtil - 该此io操作，遍历数据量为：10
2023-10-10 22:59:24.733 [pool-1-thread-1] INFO  com.bookroles.tool.dLog_v1.LogUtil - 该此io操作，遍历数据量为：10
2023-10-10 22:59:24.765 [pool-1-thread-1] INFO  com.bookroles.tool.dLog_v1.LogUtil - 该此io操作，遍历数据量为：20
2023-10-10 22:59:24.772 [pool-1-thread-1] INFO  com.bookroles.tool.dLog_v1.LogUtil - 该此io操作，遍历数据量为：27
