2023-10-11 12:25:36.097 [http-nio-8090-exec-4] INFO  com.bookroles.configurer.EncryptFilter - 进入加解密过滤器,URL:http://localhost:8090/bookroles/header.html
2023-10-11 12:25:36.097 [http-nio-8090-exec-4] INFO  com.bookroles.configurer.EncryptFilter - 进入加解密过滤器,时间:1696998336097
2023-10-11 12:25:36.106 [http-nio-8090-exec-5] INFO  com.bookroles.configurer.EncryptFilter - 进入加解密过滤器,URL:http://localhost:8090/bookroles/book/findHot.do
2023-10-11 12:25:36.107 [http-nio-8090-exec-5] INFO  com.bookroles.configurer.EncryptFilter - 进入加解密过滤器,时间:1696998336107
2023-10-11 12:25:37.665 [http-nio-8090-exec-5] INFO  com.bookroles.configurer.EncryptFilter - 解密请求数据:{"row":1}
2023-10-11 12:25:38.682 [http-nio-8090-exec-5] INFO  com.bookroles.configurer.EncryptFilter - 原始返回数据:[{"archive_type_name":"认知科学","image":"1693380712834.jpg","file":"9756977974890496.html","author":"弗雷?卡尔","publish_house":"中信出版社","rowNum":"1","name":"技术陷阱","archive_type_id":"14","key_words":"技术 陷阱 工业革命 创造性创新 替代性创新 失业","id":"1"},{"archive_type_name":"认知科学","image":"1693382935689.jpg","file":"9756978004250624.html","author":"陈春花","publish_house":"中国人民出版社","rowNum":"2","name":"价值共生","archive_type_id":"14","key_words":"价值 共生","id":"2"},{"archive_type_name":"成功学","image":"1693381712215.jpg","file":"9756978021027840.html","author":"李尚龙","publish_house":"浙江出版社","rowNum":"3","name":"持续成长","archive_type_id":"13","key_words":"持续 成长","id":"3"},{"archive_type_name":"认知科学","image":"1693383144955.jpg","file":"9756978033610752.html","author":"朱建军 曹昱","publish_house":"中信出版社","rowNum":"4","name":"情绪词典","archive_type_id":"14","key_words":"情绪 词典","id":"4"}]
2023-10-11 12:25:38.682 [http-nio-8090-exec-5] INFO  com.bookroles.configurer.EncryptFilter - 加密返回数据:[{"archive_type_name":"认知科学","image":"1693380712834.jpg","file":"9756977974890496.html","author":"弗雷?卡尔","publish_house":"中信出版社","rowNum":"1","name":"技术陷阱","archive_type_id":"14","key_words":"技术 陷阱 工业革命 创造性创新 替代性创新 失业","id":"1"},{"archive_type_name":"认知科学","image":"1693382935689.jpg","file":"9756978004250624.html","author":"陈春花","publish_house":"中国人民出版社","rowNum":"2","name":"价值共生","archive_type_id":"14","key_words":"价值 共生","id":"2"},{"archive_type_name":"成功学","image":"1693381712215.jpg","file":"9756978021027840.html","author":"李尚龙","publish_house":"浙江出版社","rowNum":"3","name":"持续成长","archive_type_id":"13","key_words":"持续 成长","id":"3"},{"archive_type_name":"认知科学","image":"1693383144955.jpg","file":"9756978033610752.html","author":"朱建军 曹昱","publish_house":"中信出版社","rowNum":"4","name":"情绪词典","archive_type_id":"14","key_words":"情绪 词典","id":"4"}]
2023-10-11 12:25:38.683 [http-nio-8090-exec-5] INFO  com.bookroles.configurer.EncryptFilter - 加密返回数据,运行时间:2576
2023-10-11 13:34:03.603 [http-nio-8090-exec-8] INFO  com.bookroles.configurer.EncryptFilter - 进入加解密过滤器,URL:http://localhost:8090/bookroles/book/findHot.do
2023-10-11 13:34:03.603 [http-nio-8090-exec-8] INFO  com.bookroles.configurer.EncryptFilter - 进入加解密过滤器,时间:1697002443603
2023-10-11 13:34:03.604 [http-nio-8090-exec-8] INFO  com.bookroles.configurer.EncryptFilter - 解密请求数据:{"row":2}
2023-10-11 13:34:03.609 [http-nio-8090-exec-8] INFO  com.bookroles.configurer.EncryptFilter - 原始返回数据:[{"archive_type_name":"认知科学","image":"1693380712834.jpg","file":"9756978041999360.html","author":"弗雷?卡尔","publish_house":"中信出版社","rowNum":"5","name":"技术陷阱5","archive_type_id":"14","key_words":"技术 陷阱","id":"5"},{"archive_type_name":"认知科学","image":"1693380712834.jpg","file":"9756978050387968.html","author":"弗雷?卡尔","publish_house":"中信出版社","rowNum":"6","name":"技术陷阱6","archive_type_id":"14","key_words":"技术 陷阱","id":"6"},{"archive_type_name":"认知科学","image":"1693380712834.jpg","file":"9756978054582272.html","author":"弗雷?卡尔","publish_house":"中信出版社","rowNum":"7","name":"技术陷阱7","archive_type_id":"14","key_words":"技术 陷阱","id":"7"},{"archive_type_name":"认知科学","image":"1693380712834.jpg","file":"9756978062970880.html","author":"弗雷?卡尔","publish_house":"中信出版社","rowNum":"8","name":"技术陷阱8","archive_type_id":"14","key_words":"技术 陷阱","id":"8"}]
2023-10-11 13:34:03.610 [http-nio-8090-exec-8] INFO  com.bookroles.configurer.EncryptFilter - 加密返回数据:[{"archive_type_name":"认知科学","image":"1693380712834.jpg","file":"9756978041999360.html","author":"弗雷?卡尔","publish_house":"中信出版社","rowNum":"5","name":"技术陷阱5","archive_type_id":"14","key_words":"技术 陷阱","id":"5"},{"archive_type_name":"认知科学","image":"1693380712834.jpg","file":"9756978050387968.html","author":"弗雷?卡尔","publish_house":"中信出版社","rowNum":"6","name":"技术陷阱6","archive_type_id":"14","key_words":"技术 陷阱","id":"6"},{"archive_type_name":"认知科学","image":"1693380712834.jpg","file":"9756978054582272.html","author":"弗雷?卡尔","publish_house":"中信出版社","rowNum":"7","name":"技术陷阱7","archive_type_id":"14","key_words":"技术 陷阱","id":"7"},{"archive_type_name":"认知科学","image":"1693380712834.jpg","file":"9756978062970880.html","author":"弗雷?卡尔","publish_house":"中信出版社","rowNum":"8","name":"技术陷阱8","archive_type_id":"14","key_words":"技术 陷阱","id":"8"}]
2023-10-11 13:34:03.610 [http-nio-8090-exec-8] INFO  com.bookroles.configurer.EncryptFilter - 加密返回数据,运行时间:7
2023-10-11 13:34:05.191 [http-nio-8090-exec-9] INFO  com.bookroles.configurer.EncryptFilter - 进入加解密过滤器,URL:http://localhost:8090/bookroles/book/findByArchiveType.do
2023-10-11 13:34:05.191 [http-nio-8090-exec-9] INFO  com.bookroles.configurer.EncryptFilter - 进入加解密过滤器,时间:1697002445191
2023-10-11 13:34:05.192 [http-nio-8090-exec-9] INFO  com.bookroles.configurer.EncryptFilter - 解密请求数据:{"archiveTypeId":"14","row":1}
2023-10-11 13:34:05.195 [http-nio-8090-exec-9] INFO  com.bookroles.configurer.EncryptFilter - 原始返回数据:[{"archive_type_name":"认知科学","image":"1693380712834.jpg","file":"9756977974890496.html","author":"弗雷?卡尔","publish_house":"中信出版社","rowNum":"1","name":"技术陷阱","archive_type_id":"14","key_words":"技术 陷阱 工业革命 创造性创新 替代性创新 失业","id":"1"},{"archive_type_name":"认知科学","image":"1693382935689.jpg","file":"9756978004250624.html","author":"陈春花","publish_house":"中国人民出版社","rowNum":"2","name":"价值共生","archive_type_id":"14","key_words":"价值 共生","id":"2"},{"archive_type_name":"认知科学","image":"1693383144955.jpg","file":"9756978033610752.html","author":"朱建军 曹昱","publish_house":"中信出版社","rowNum":"4","name":"情绪词典","archive_type_id":"14","key_words":"情绪 词典","id":"4"},{"archive_type_name":"认知科学","image":"1693380712834.jpg","file":"9756978041999360.html","author":"弗雷?卡尔","publish_house":"中信出版社","rowNum":"5","name":"技术陷阱5","archive_type_id":"14","key_words":"技术 陷阱","id":"5"}]
2023-10-11 13:34:05.195 [http-nio-8090-exec-9] INFO  com.bookroles.configurer.EncryptFilter - 加密返回数据:[{"archive_type_name":"认知科学","image":"1693380712834.jpg","file":"9756977974890496.html","author":"弗雷?卡尔","publish_house":"中信出版社","rowNum":"1","name":"技术陷阱","archive_type_id":"14","key_words":"技术 陷阱 工业革命 创造性创新 替代性创新 失业","id":"1"},{"archive_type_name":"认知科学","image":"1693382935689.jpg","file":"9756978004250624.html","author":"陈春花","publish_house":"中国人民出版社","rowNum":"2","name":"价值共生","archive_type_id":"14","key_words":"价值 共生","id":"2"},{"archive_type_name":"认知科学","image":"1693383144955.jpg","file":"9756978033610752.html","author":"朱建军 曹昱","publish_house":"中信出版社","rowNum":"4","name":"情绪词典","archive_type_id":"14","key_words":"情绪 词典","id":"4"},{"archive_type_name":"认知科学","image":"1693380712834.jpg","file":"9756978041999360.html","author":"弗雷?卡尔","publish_house":"中信出版社","rowNum":"5","name":"技术陷阱5","archive_type_id":"14","key_words":"技术 陷阱","id":"5"}]
2023-10-11 13:34:05.195 [http-nio-8090-exec-9] INFO  com.bookroles.configurer.EncryptFilter - 加密返回数据,运行时间:4
2023-10-11 13:34:07.852 [http-nio-8090-exec-10] INFO  com.bookroles.configurer.EncryptFilter - 进入加解密过滤器,URL:http://localhost:8090/bookroles/book/findByWord.do
2023-10-11 13:34:07.853 [http-nio-8090-exec-10] INFO  com.bookroles.configurer.EncryptFilter - 进入加解密过滤器,时间:1697002447853
2023-10-11 13:34:07.853 [http-nio-8090-exec-10] INFO  com.bookroles.configurer.EncryptFilter - 解密请求数据:{"word":"价值","row":1}
2023-10-11 13:34:07.859 [http-nio-8090-exec-10] INFO  com.bookroles.configurer.EncryptFilter - 原始返回数据:[{"archive_type_name":"认知科学","image":"1693382935689.jpg","file":"9756978004250624.html","author":"陈春花","publish_house":"中国人民出版社","rowNum":"2","name":"价值共生","archive_type_id":"14","key_words":"价值 共生","id":"2"},{"archive_type_name":"成功学","image":"1693381712215.jpg","file":"9756978021027840.html","author":"李尚龙","publish_house":"浙江出版社","rowNum":"3","name":"持续成长","archive_type_id":"13","key_words":"持续 成长","id":"3"},{"archive_type_name":"认知科学","image":"1693382935689.jpg","file":"9756978079748096.html","author":"陈春花","publish_house":"中国人民出版社","rowNum":"10","name":"价值共生10","archive_type_id":"14","key_words":"价值 共生","id":"10"},{"archive_type_name":"认知科学","image":"1693382935689.jpg","file":"9756978104913920.html","author":"陈春花","publish_house":"中国人民出版社","rowNum":"14","name":"价值共生14","archive_type_id":"14","key_words":"价值 共生","id":"14"}]
2023-10-11 13:34:07.860 [http-nio-8090-exec-10] INFO  com.bookroles.configurer.EncryptFilter - 加密返回数据:[{"archive_type_name":"认知科学","image":"1693382935689.jpg","file":"9756978004250624.html","author":"陈春花","publish_house":"中国人民出版社","rowNum":"2","name":"价值共生","archive_type_id":"14","key_words":"价值 共生","id":"2"},{"archive_type_name":"成功学","image":"1693381712215.jpg","file":"9756978021027840.html","author":"李尚龙","publish_house":"浙江出版社","rowNum":"3","name":"持续成长","archive_type_id":"13","key_words":"持续 成长","id":"3"},{"archive_type_name":"认知科学","image":"1693382935689.jpg","file":"9756978079748096.html","author":"陈春花","publish_house":"中国人民出版社","rowNum":"10","name":"价值共生10","archive_type_id":"14","key_words":"价值 共生","id":"10"},{"archive_type_name":"认知科学","image":"1693382935689.jpg","file":"9756978104913920.html","author":"陈春花","publish_house":"中国人民出版社","rowNum":"14","name":"价值共生14","archive_type_id":"14","key_words":"价值 共生","id":"14"}]
2023-10-11 13:34:07.860 [http-nio-8090-exec-10] INFO  com.bookroles.configurer.EncryptFilter - 加密返回数据,运行时间:7
2023-10-11 13:34:09.669 [http-nio-8090-exec-1] INFO  com.bookroles.configurer.EncryptFilter - 进入加解密过滤器,URL:http://localhost:8090/bookroles/book/findByArchiveType.do
2023-10-11 13:34:09.669 [http-nio-8090-exec-1] INFO  com.bookroles.configurer.EncryptFilter - 进入加解密过滤器,时间:1697002449669
2023-10-11 13:34:09.670 [http-nio-8090-exec-1] INFO  com.bookroles.configurer.EncryptFilter - 解密请求数据:{"archiveTypeId":"14","row":1}
2023-10-11 13:34:09.674 [http-nio-8090-exec-1] INFO  com.bookroles.configurer.EncryptFilter - 原始返回数据:[{"archive_type_name":"认知科学","image":"1693380712834.jpg","file":"9756977974890496.html","author":"弗雷?卡尔","publish_house":"中信出版社","rowNum":"1","name":"技术陷阱","archive_type_id":"14","key_words":"技术 陷阱 工业革命 创造性创新 替代性创新 失业","id":"1"},{"archive_type_name":"认知科学","image":"1693382935689.jpg","file":"9756978004250624.html","author":"陈春花","publish_house":"中国人民出版社","rowNum":"2","name":"价值共生","archive_type_id":"14","key_words":"价值 共生","id":"2"},{"archive_type_name":"认知科学","image":"1693383144955.jpg","file":"9756978033610752.html","author":"朱建军 曹昱","publish_house":"中信出版社","rowNum":"4","name":"情绪词典","archive_type_id":"14","key_words":"情绪 词典","id":"4"},{"archive_type_name":"认知科学","image":"1693380712834.jpg","file":"9756978041999360.html","author":"弗雷?卡尔","publish_house":"中信出版社","rowNum":"5","name":"技术陷阱5","archive_type_id":"14","key_words":"技术 陷阱","id":"5"}]
2023-10-11 13:34:09.675 [http-nio-8090-exec-1] INFO  com.bookroles.configurer.EncryptFilter - 加密返回数据:[{"archive_type_name":"认知科学","image":"1693380712834.jpg","file":"9756977974890496.html","author":"弗雷?卡尔","publish_house":"中信出版社","rowNum":"1","name":"技术陷阱","archive_type_id":"14","key_words":"技术 陷阱 工业革命 创造性创新 替代性创新 失业","id":"1"},{"archive_type_name":"认知科学","image":"1693382935689.jpg","file":"9756978004250624.html","author":"陈春花","publish_house":"中国人民出版社","rowNum":"2","name":"价值共生","archive_type_id":"14","key_words":"价值 共生","id":"2"},{"archive_type_name":"认知科学","image":"1693383144955.jpg","file":"9756978033610752.html","author":"朱建军 曹昱","publish_house":"中信出版社","rowNum":"4","name":"情绪词典","archive_type_id":"14","key_words":"情绪 词典","id":"4"},{"archive_type_name":"认知科学","image":"1693380712834.jpg","file":"9756978041999360.html","author":"弗雷?卡尔","publish_house":"中信出版社","rowNum":"5","name":"技术陷阱5","archive_type_id":"14","key_words":"技术 陷阱","id":"5"}]
2023-10-11 13:34:09.675 [http-nio-8090-exec-1] INFO  com.bookroles.configurer.EncryptFilter - 加密返回数据,运行时间:6
2023-10-11 13:34:11.538 [http-nio-8090-exec-2] INFO  com.bookroles.configurer.EncryptFilter - 进入加解密过滤器,URL:http://localhost:8090/bookroles/book/findHot.do
2023-10-11 13:34:11.538 [http-nio-8090-exec-2] INFO  com.bookroles.configurer.EncryptFilter - 进入加解密过滤器,时间:1697002451538
2023-10-11 13:34:11.539 [http-nio-8090-exec-2] INFO  com.bookroles.configurer.EncryptFilter - 解密请求数据:{"row":1}
2023-10-11 13:34:11.541 [http-nio-8090-exec-2] INFO  com.bookroles.configurer.EncryptFilter - 原始返回数据:[{"archive_type_name":"认知科学","image":"1693380712834.jpg","file":"9756977974890496.html","author":"弗雷?卡尔","publish_house":"中信出版社","rowNum":"1","name":"技术陷阱","archive_type_id":"14","key_words":"技术 陷阱 工业革命 创造性创新 替代性创新 失业","id":"1"},{"archive_type_name":"认知科学","image":"1693382935689.jpg","file":"9756978004250624.html","author":"陈春花","publish_house":"中国人民出版社","rowNum":"2","name":"价值共生","archive_type_id":"14","key_words":"价值 共生","id":"2"},{"archive_type_name":"成功学","image":"1693381712215.jpg","file":"9756978021027840.html","author":"李尚龙","publish_house":"浙江出版社","rowNum":"3","name":"持续成长","archive_type_id":"13","key_words":"持续 成长","id":"3"},{"archive_type_name":"认知科学","image":"1693383144955.jpg","file":"9756978033610752.html","author":"朱建军 曹昱","publish_house":"中信出版社","rowNum":"4","name":"情绪词典","archive_type_id":"14","key_words":"情绪 词典","id":"4"}]
2023-10-11 13:34:11.542 [http-nio-8090-exec-2] INFO  com.bookroles.configurer.EncryptFilter - 加密返回数据:[{"archive_type_name":"认知科学","image":"1693380712834.jpg","file":"9756977974890496.html","author":"弗雷?卡尔","publish_house":"中信出版社","rowNum":"1","name":"技术陷阱","archive_type_id":"14","key_words":"技术 陷阱 工业革命 创造性创新 替代性创新 失业","id":"1"},{"archive_type_name":"认知科学","image":"1693382935689.jpg","file":"9756978004250624.html","author":"陈春花","publish_house":"中国人民出版社","rowNum":"2","name":"价值共生","archive_type_id":"14","key_words":"价值 共生","id":"2"},{"archive_type_name":"成功学","image":"1693381712215.jpg","file":"9756978021027840.html","author":"李尚龙","publish_house":"浙江出版社","rowNum":"3","name":"持续成长","archive_type_id":"13","key_words":"持续 成长","id":"3"},{"archive_type_name":"认知科学","image":"1693383144955.jpg","file":"9756978033610752.html","author":"朱建军 曹昱","publish_house":"中信出版社","rowNum":"4","name":"情绪词典","archive_type_id":"14","key_words":"情绪 词典","id":"4"}]
2023-10-11 13:34:11.542 [http-nio-8090-exec-2] INFO  com.bookroles.configurer.EncryptFilter - 加密返回数据,运行时间:4
2023-10-11 13:34:13.957 [http-nio-8090-exec-3] INFO  com.bookroles.configurer.EncryptFilter - 进入加解密过滤器,URL:http://localhost:8090/bookroles/book/findByArchiveType.do
2023-10-11 13:34:13.957 [http-nio-8090-exec-3] INFO  com.bookroles.configurer.EncryptFilter - 进入加解密过滤器,时间:1697002453957
2023-10-11 13:34:13.958 [http-nio-8090-exec-3] INFO  com.bookroles.configurer.EncryptFilter - 解密请求数据:{"archiveTypeId":"14","row":1}
2023-10-11 13:34:13.960 [http-nio-8090-exec-3] INFO  com.bookroles.configurer.EncryptFilter - 原始返回数据:[{"archive_type_name":"认知科学","image":"1693380712834.jpg","file":"9756977974890496.html","author":"弗雷?卡尔","publish_house":"中信出版社","rowNum":"1","name":"技术陷阱","archive_type_id":"14","key_words":"技术 陷阱 工业革命 创造性创新 替代性创新 失业","id":"1"},{"archive_type_name":"认知科学","image":"1693382935689.jpg","file":"9756978004250624.html","author":"陈春花","publish_house":"中国人民出版社","rowNum":"2","name":"价值共生","archive_type_id":"14","key_words":"价值 共生","id":"2"},{"archive_type_name":"认知科学","image":"1693383144955.jpg","file":"9756978033610752.html","author":"朱建军 曹昱","publish_house":"中信出版社","rowNum":"4","name":"情绪词典","archive_type_id":"14","key_words":"情绪 词典","id":"4"},{"archive_type_name":"认知科学","image":"1693380712834.jpg","file":"9756978041999360.html","author":"弗雷?卡尔","publish_house":"中信出版社","rowNum":"5","name":"技术陷阱5","archive_type_id":"14","key_words":"技术 陷阱","id":"5"}]
2023-10-11 13:34:13.961 [http-nio-8090-exec-3] INFO  com.bookroles.configurer.EncryptFilter - 加密返回数据:[{"archive_type_name":"认知科学","image":"1693380712834.jpg","file":"9756977974890496.html","author":"弗雷?卡尔","publish_house":"中信出版社","rowNum":"1","name":"技术陷阱","archive_type_id":"14","key_words":"技术 陷阱 工业革命 创造性创新 替代性创新 失业","id":"1"},{"archive_type_name":"认知科学","image":"1693382935689.jpg","file":"9756978004250624.html","author":"陈春花","publish_house":"中国人民出版社","rowNum":"2","name":"价值共生","archive_type_id":"14","key_words":"价值 共生","id":"2"},{"archive_type_name":"认知科学","image":"1693383144955.jpg","file":"9756978033610752.html","author":"朱建军 曹昱","publish_house":"中信出版社","rowNum":"4","name":"情绪词典","archive_type_id":"14","key_words":"情绪 词典","id":"4"},{"archive_type_name":"认知科学","image":"1693380712834.jpg","file":"9756978041999360.html","author":"弗雷?卡尔","publish_house":"中信出版社","rowNum":"5","name":"技术陷阱5","archive_type_id":"14","key_words":"技术 陷阱","id":"5"}]
2023-10-11 13:34:13.961 [http-nio-8090-exec-3] INFO  com.bookroles.configurer.EncryptFilter - 加密返回数据,运行时间:4
2023-10-11 13:34:14.653 [http-nio-8090-exec-4] INFO  com.bookroles.configurer.EncryptFilter - 进入加解密过滤器,URL:http://localhost:8090/bookroles/detail/9756978004250624.html
2023-10-11 13:34:14.653 [http-nio-8090-exec-4] INFO  com.bookroles.configurer.EncryptFilter - 进入加解密过滤器,时间:1697002454653
2023-10-11 13:34:15.258 [http-nio-8090-exec-5] INFO  com.bookroles.configurer.EncryptFilter - 进入加解密过滤器,URL:http://localhost:8090/bookroles/book/getDetailById.do
2023-10-11 13:34:15.258 [http-nio-8090-exec-5] INFO  com.bookroles.configurer.EncryptFilter - 进入加解密过滤器,时间:1697002455258
2023-10-11 13:34:15.260 [http-nio-8090-exec-5] INFO  com.bookroles.configurer.EncryptFilter - 解密请求数据:{"id":"2"}
2023-10-11 13:34:15.283 [http-nio-8090-exec-5] INFO  com.bookroles.configurer.EncryptFilter - 原始返回数据:{"download_time":"0","search_count":"1","search_time":"0","download_count":"0"}
2023-10-11 13:34:15.284 [http-nio-8090-exec-5] INFO  com.bookroles.configurer.EncryptFilter - 加密返回数据:{"download_time":"0","search_count":"1","search_time":"0","download_count":"0"}
2023-10-11 13:34:15.285 [http-nio-8090-exec-5] INFO  com.bookroles.configurer.EncryptFilter - 加密返回数据,运行时间:27
2023-10-11 13:34:16.719 [http-nio-8090-exec-6] INFO  com.bookroles.configurer.EncryptFilter - 进入加解密过滤器,URL:http://localhost:8090/bookroles/detail/9756978033610752.html
2023-10-11 13:34:16.719 [http-nio-8090-exec-6] INFO  com.bookroles.configurer.EncryptFilter - 进入加解密过滤器,时间:1697002456719
2023-10-11 13:34:17.311 [http-nio-8090-exec-7] INFO  com.bookroles.configurer.EncryptFilter - 进入加解密过滤器,URL:http://localhost:8090/bookroles/book/getDetailById.do
2023-10-11 13:34:17.311 [http-nio-8090-exec-7] INFO  com.bookroles.configurer.EncryptFilter - 进入加解密过滤器,时间:1697002457311
2023-10-11 13:34:17.312 [http-nio-8090-exec-7] INFO  com.bookroles.configurer.EncryptFilter - 解密请求数据:{"id":"4"}
2023-10-11 13:34:17.315 [http-nio-8090-exec-7] INFO  com.bookroles.configurer.EncryptFilter - 原始返回数据:{"download_time":"0","search_count":"1","search_time":"0","download_count":"0"}
2023-10-11 13:34:17.315 [http-nio-8090-exec-7] INFO  com.bookroles.configurer.EncryptFilter - 加密返回数据:{"download_time":"0","search_count":"1","search_time":"0","download_count":"0"}
2023-10-11 13:34:17.316 [http-nio-8090-exec-7] INFO  com.bookroles.configurer.EncryptFilter - 加密返回数据,运行时间:5
2023-10-11 13:34:19.732 [http-nio-8090-exec-8] INFO  com.bookroles.configurer.EncryptFilter - 进入加解密过滤器,URL:http://localhost:8090/bookroles/detail/9756978041999360.html
2023-10-11 13:34:19.732 [http-nio-8090-exec-8] INFO  com.bookroles.configurer.EncryptFilter - 进入加解密过滤器,时间:1697002459732
2023-10-11 13:34:20.310 [http-nio-8090-exec-9] INFO  com.bookroles.configurer.EncryptFilter - 进入加解密过滤器,URL:http://localhost:8090/bookroles/book/getDetailById.do
2023-10-11 13:34:20.310 [http-nio-8090-exec-9] INFO  com.bookroles.configurer.EncryptFilter - 进入加解密过滤器,时间:1697002460310
2023-10-11 13:34:20.311 [http-nio-8090-exec-9] INFO  com.bookroles.configurer.EncryptFilter - 解密请求数据:{"id":"5"}
2023-10-11 13:34:20.316 [http-nio-8090-exec-9] INFO  com.bookroles.configurer.EncryptFilter - 原始返回数据:{"download_time":"0","search_count":"1","search_time":"0","download_count":"0"}
2023-10-11 13:34:20.317 [http-nio-8090-exec-9] INFO  com.bookroles.configurer.EncryptFilter - 加密返回数据:{"download_time":"0","search_count":"1","search_time":"0","download_count":"0"}
2023-10-11 13:34:20.317 [http-nio-8090-exec-9] INFO  com.bookroles.configurer.EncryptFilter - 加密返回数据,运行时间:7
2023-10-11 13:34:21.590 [http-nio-8090-exec-1] INFO  com.bookroles.configurer.EncryptFilter - 进入加解密过滤器,URL:http://localhost:8090/bookroles/detail/9756977974890496.html
2023-10-11 13:34:21.590 [http-nio-8090-exec-1] INFO  com.bookroles.configurer.EncryptFilter - 进入加解密过滤器,时间:1697002461590
2023-10-11 13:34:22.162 [http-nio-8090-exec-2] INFO  com.bookroles.configurer.EncryptFilter - 进入加解密过滤器,URL:http://localhost:8090/bookroles/book/getDetailById.do
2023-10-11 13:34:22.163 [http-nio-8090-exec-2] INFO  com.bookroles.configurer.EncryptFilter - 进入加解密过滤器,时间:1697002462163
2023-10-11 13:34:22.163 [http-nio-8090-exec-2] INFO  com.bookroles.configurer.EncryptFilter - 解密请求数据:{"id":"1"}
2023-10-11 13:34:22.166 [http-nio-8090-exec-2] INFO  com.bookroles.configurer.EncryptFilter - 原始返回数据:{"download_time":"0","search_count":"1","search_time":"0","download_count":"0"}
2023-10-11 13:34:22.167 [http-nio-8090-exec-2] INFO  com.bookroles.configurer.EncryptFilter - 加密返回数据:{"download_time":"0","search_count":"1","search_time":"0","download_count":"0"}
2023-10-11 13:34:22.167 [http-nio-8090-exec-2] INFO  com.bookroles.configurer.EncryptFilter - 加密返回数据,运行时间:4
2023-10-11 13:35:23.549 [http-nio-8090-exec-6] INFO  com.bookroles.configurer.EncryptFilter - 进入加解密过滤器,URL:http://192.168.1.100:8090/bookroles/image/16pic_7402886_b.jpg
2023-10-11 13:35:23.549 [http-nio-8090-exec-6] INFO  com.bookroles.configurer.EncryptFilter - 进入加解密过滤器,时间:1697002523549
2023-10-11 13:35:23.695 [http-nio-8090-exec-7] INFO  com.bookroles.configurer.EncryptFilter - 进入加解密过滤器,URL:http://192.168.1.100:8090/bookroles/header.html
2023-10-11 13:35:23.696 [http-nio-8090-exec-7] INFO  com.bookroles.configurer.EncryptFilter - 进入加解密过滤器,时间:1697002523696
2023-10-11 13:35:23.736 [http-nio-8090-exec-8] INFO  com.bookroles.configurer.EncryptFilter - 进入加解密过滤器,URL:http://192.168.1.100:8090/bookroles/book/findHot.do
2023-10-11 13:35:23.736 [http-nio-8090-exec-8] INFO  com.bookroles.configurer.EncryptFilter - 进入加解密过滤器,时间:1697002523736
2023-10-11 13:35:23.737 [http-nio-8090-exec-8] INFO  com.bookroles.configurer.EncryptFilter - 解密请求数据:{"row":1}
2023-10-11 13:35:23.743 [http-nio-8090-exec-8] INFO  com.bookroles.configurer.EncryptFilter - 原始返回数据:[{"archive_type_name":"认知科学","image":"1693380712834.jpg","file":"9756977974890496.html","author":"弗雷?卡尔","publish_house":"中信出版社","rowNum":"1","name":"技术陷阱","archive_type_id":"14","key_words":"技术 陷阱 工业革命 创造性创新 替代性创新 失业","id":"1"},{"archive_type_name":"认知科学","image":"1693382935689.jpg","file":"9756978004250624.html","author":"陈春花","publish_house":"中国人民出版社","rowNum":"2","name":"价值共生","archive_type_id":"14","key_words":"价值 共生","id":"2"},{"archive_type_name":"成功学","image":"1693381712215.jpg","file":"9756978021027840.html","author":"李尚龙","publish_house":"浙江出版社","rowNum":"3","name":"持续成长","archive_type_id":"13","key_words":"持续 成长","id":"3"},{"archive_type_name":"认知科学","image":"1693383144955.jpg","file":"9756978033610752.html","author":"朱建军 曹昱","publish_house":"中信出版社","rowNum":"4","name":"情绪词典","archive_type_id":"14","key_words":"情绪 词典","id":"4"}]
2023-10-11 13:35:23.745 [http-nio-8090-exec-8] INFO  com.bookroles.configurer.EncryptFilter - 加密返回数据:[{"archive_type_name":"认知科学","image":"1693380712834.jpg","file":"9756977974890496.html","author":"弗雷?卡尔","publish_house":"中信出版社","rowNum":"1","name":"技术陷阱","archive_type_id":"14","key_words":"技术 陷阱 工业革命 创造性创新 替代性创新 失业","id":"1"},{"archive_type_name":"认知科学","image":"1693382935689.jpg","file":"9756978004250624.html","author":"陈春花","publish_house":"中国人民出版社","rowNum":"2","name":"价值共生","archive_type_id":"14","key_words":"价值 共生","id":"2"},{"archive_type_name":"成功学","image":"1693381712215.jpg","file":"9756978021027840.html","author":"李尚龙","publish_house":"浙江出版社","rowNum":"3","name":"持续成长","archive_type_id":"13","key_words":"持续 成长","id":"3"},{"archive_type_name":"认知科学","image":"1693383144955.jpg","file":"9756978033610752.html","author":"朱建军 曹昱","publish_house":"中信出版社","rowNum":"4","name":"情绪词典","archive_type_id":"14","key_words":"情绪 词典","id":"4"}]
2023-10-11 13:35:23.746 [http-nio-8090-exec-8] INFO  com.bookroles.configurer.EncryptFilter - 加密返回数据,运行时间:10
2023-10-11 13:35:24.382 [http-nio-8090-exec-9] INFO  com.bookroles.configurer.EncryptFilter - 进入加解密过滤器,URL:http://192.168.1.100:8090/bookroles/image/1693380712834.jpg
2023-10-11 13:35:24.383 [http-nio-8090-exec-9] INFO  com.bookroles.configurer.EncryptFilter - 进入加解密过滤器,时间:1697002524383
2023-10-11 13:35:24.396 [http-nio-8090-exec-10] INFO  com.bookroles.configurer.EncryptFilter - 进入加解密过滤器,URL:http://192.168.1.100:8090/bookroles/image/1693381712215.jpg
2023-10-11 13:35:24.397 [http-nio-8090-exec-10] INFO  com.bookroles.configurer.EncryptFilter - 进入加解密过滤器,时间:1697002524397
2023-10-11 13:35:24.400 [http-nio-8090-exec-1] INFO  com.bookroles.configurer.EncryptFilter - 进入加解密过滤器,URL:http://192.168.1.100:8090/bookroles/image/1693383144955.jpg
2023-10-11 13:35:24.401 [http-nio-8090-exec-1] INFO  com.bookroles.configurer.EncryptFilter - 进入加解密过滤器,时间:1697002524401
2023-10-11 13:35:35.368 [http-nio-8090-exec-5] INFO  com.bookroles.configurer.EncryptFilter - 进入加解密过滤器,URL:http://192.168.1.100:8090/bookroles/detail/9756977974890496.html
2023-10-11 13:35:35.369 [http-nio-8090-exec-5] INFO  com.bookroles.configurer.EncryptFilter - 进入加解密过滤器,时间:1697002535369
2023-10-11 13:35:36.126 [http-nio-8090-exec-7] INFO  com.bookroles.configurer.EncryptFilter - 进入加解密过滤器,URL:http://192.168.1.100:8090/bookroles/book/getDetailById.do
2023-10-11 13:35:36.127 [http-nio-8090-exec-7] INFO  com.bookroles.configurer.EncryptFilter - 进入加解密过滤器,时间:1697002536126
2023-10-11 13:35:36.128 [http-nio-8090-exec-7] INFO  com.bookroles.configurer.EncryptFilter - 解密请求数据:{"id":"1"}
2023-10-11 13:35:36.134 [http-nio-8090-exec-7] INFO  com.bookroles.configurer.EncryptFilter - 原始返回数据:{"download_time":"0","search_count":"2","search_time":"1697002462165","download_count":"0"}
2023-10-11 13:35:36.135 [http-nio-8090-exec-7] INFO  com.bookroles.configurer.EncryptFilter - 加密返回数据:{"download_time":"0","search_count":"2","search_time":"1697002462165","download_count":"0"}
2023-10-11 13:35:36.135 [http-nio-8090-exec-7] INFO  com.bookroles.configurer.EncryptFilter - 加密返回数据,运行时间:9
2023-10-11 13:35:44.949 [http-nio-8090-exec-6] INFO  com.bookroles.configurer.EncryptFilter - 进入加解密过滤器,URL:http://192.168.1.100:8090/bookroles/book/findByWord.do
2023-10-11 13:35:44.949 [http-nio-8090-exec-6] INFO  com.bookroles.configurer.EncryptFilter - 进入加解密过滤器,时间:1697002544949
2023-10-11 13:35:44.949 [http-nio-8090-exec-6] INFO  com.bookroles.configurer.EncryptFilter - 解密请求数据:{"word":"陷阱","row":1}
2023-10-11 13:35:44.952 [http-nio-8090-exec-6] INFO  com.bookroles.configurer.EncryptFilter - 原始返回数据:[{"archive_type_name":"认知科学","image":"1693380712834.jpg","file":"9756977974890496.html","author":"弗雷?卡尔","publish_house":"中信出版社","rowNum":"1","name":"技术陷阱","archive_type_id":"14","key_words":"技术 陷阱 工业革命 创造性创新 替代性创新 失业","id":"1"},{"archive_type_name":"认知科学","image":"1693380712834.jpg","file":"9756978041999360.html","author":"弗雷?卡尔","publish_house":"中信出版社","rowNum":"5","name":"技术陷阱5","archive_type_id":"14","key_words":"技术 陷阱","id":"5"},{"archive_type_name":"认知科学","image":"1693380712834.jpg","file":"9756978050387968.html","author":"弗雷?卡尔","publish_house":"中信出版社","rowNum":"6","name":"技术陷阱6","archive_type_id":"14","key_words":"技术 陷阱","id":"6"},{"archive_type_name":"认知科学","image":"1693380712834.jpg","file":"9756978054582272.html","author":"弗雷?卡尔","publish_house":"中信出版社","rowNum":"7","name":"技术陷阱7","archive_type_id":"14","key_words":"技术 陷阱","id":"7"}]
2023-10-11 13:35:44.952 [http-nio-8090-exec-6] INFO  com.bookroles.configurer.EncryptFilter - 加密返回数据:[{"archive_type_name":"认知科学","image":"1693380712834.jpg","file":"9756977974890496.html","author":"弗雷?卡尔","publish_house":"中信出版社","rowNum":"1","name":"技术陷阱","archive_type_id":"14","key_words":"技术 陷阱 工业革命 创造性创新 替代性创新 失业","id":"1"},{"archive_type_name":"认知科学","image":"1693380712834.jpg","file":"9756978041999360.html","author":"弗雷?卡尔","publish_house":"中信出版社","rowNum":"5","name":"技术陷阱5","archive_type_id":"14","key_words":"技术 陷阱","id":"5"},{"archive_type_name":"认知科学","image":"1693380712834.jpg","file":"9756978050387968.html","author":"弗雷?卡尔","publish_house":"中信出版社","rowNum":"6","name":"技术陷阱6","archive_type_id":"14","key_words":"技术 陷阱","id":"6"},{"archive_type_name":"认知科学","image":"1693380712834.jpg","file":"9756978054582272.html","author":"弗雷?卡尔","publish_house":"中信出版社","rowNum":"7","name":"技术陷阱7","archive_type_id":"14","key_words":"技术 陷阱","id":"7"}]
2023-10-11 13:35:44.953 [http-nio-8090-exec-6] INFO  com.bookroles.configurer.EncryptFilter - 加密返回数据,运行时间:4
2023-10-11 13:35:48.064 [http-nio-8090-exec-10] INFO  com.bookroles.configurer.EncryptFilter - 进入加解密过滤器,URL:http://192.168.1.100:8090/bookroles/detail/9756978041999360.html
2023-10-11 13:35:48.064 [http-nio-8090-exec-10] INFO  com.bookroles.configurer.EncryptFilter - 进入加解密过滤器,时间:1697002548064
2023-10-11 13:35:48.847 [http-nio-8090-exec-1] INFO  com.bookroles.configurer.EncryptFilter - 进入加解密过滤器,URL:http://192.168.1.100:8090/bookroles/book/getDetailById.do
2023-10-11 13:35:48.847 [http-nio-8090-exec-1] INFO  com.bookroles.configurer.EncryptFilter - 进入加解密过滤器,时间:1697002548847
2023-10-11 13:35:48.849 [http-nio-8090-exec-1] INFO  com.bookroles.configurer.EncryptFilter - 解密请求数据:{"id":"5"}
2023-10-11 13:35:48.854 [http-nio-8090-exec-1] INFO  com.bookroles.configurer.EncryptFilter - 原始返回数据:{"download_time":"0","search_count":"2","search_time":"1697002460315","download_count":"0"}
2023-10-11 13:35:48.855 [http-nio-8090-exec-1] INFO  com.bookroles.configurer.EncryptFilter - 加密返回数据:{"download_time":"0","search_count":"2","search_time":"1697002460315","download_count":"0"}
2023-10-11 13:35:48.856 [http-nio-8090-exec-1] INFO  com.bookroles.configurer.EncryptFilter - 加密返回数据,运行时间:9
2023-10-11 13:35:52.855 [http-nio-8090-exec-9] INFO  com.bookroles.configurer.EncryptFilter - 进入加解密过滤器,URL:http://192.168.1.100:8090/bookroles/book/findByWord.do
2023-10-11 13:35:52.855 [http-nio-8090-exec-9] INFO  com.bookroles.configurer.EncryptFilter - 进入加解密过滤器,时间:1697002552855
2023-10-11 13:35:52.856 [http-nio-8090-exec-9] INFO  com.bookroles.configurer.EncryptFilter - 解密请求数据:{"word":"陷阱","row":2}
2023-10-11 13:35:52.865 [http-nio-8090-exec-9] INFO  com.bookroles.configurer.EncryptFilter - 原始返回数据:[{"archive_type_name":"认知科学","image":"1693380712834.jpg","file":"9756978062970880.html","author":"弗雷?卡尔","publish_house":"中信出版社","rowNum":"8","name":"技术陷阱8","archive_type_id":"14","key_words":"技术 陷阱","id":"8"},{"archive_type_name":"认知科学","image":"1693380712834.jpg","file":"9756978071359488.html","author":"弗雷?卡尔","publish_house":"中信出版社","rowNum":"9","name":"技术陷阱9","archive_type_id":"14","key_words":"技术 陷阱","id":"9"},{"archive_type_name":"认知科学","image":"1693380712834.jpg","file":"9756978100719616.html","author":"弗雷?卡尔","publish_house":"中信出版社","rowNum":"13","name":"技术陷阱13","archive_type_id":"14","key_words":"技术 陷阱","id":"13"},{"archive_type_name":"认知科学","image":"1693380712834.jpg","file":"9756978125885440.html","author":"弗雷?卡尔","publish_house":"中信出版社","rowNum":"17","name":"技术陷阱17","archive_type_id":"14","key_words":"技术 陷阱","id":"17"}]
2023-10-11 13:35:52.867 [http-nio-8090-exec-9] INFO  com.bookroles.configurer.EncryptFilter - 加密返回数据:[{"archive_type_name":"认知科学","image":"1693380712834.jpg","file":"9756978062970880.html","author":"弗雷?卡尔","publish_house":"中信出版社","rowNum":"8","name":"技术陷阱8","archive_type_id":"14","key_words":"技术 陷阱","id":"8"},{"archive_type_name":"认知科学","image":"1693380712834.jpg","file":"9756978071359488.html","author":"弗雷?卡尔","publish_house":"中信出版社","rowNum":"9","name":"技术陷阱9","archive_type_id":"14","key_words":"技术 陷阱","id":"9"},{"archive_type_name":"认知科学","image":"1693380712834.jpg","file":"9756978100719616.html","author":"弗雷?卡尔","publish_house":"中信出版社","rowNum":"13","name":"技术陷阱13","archive_type_id":"14","key_words":"技术 陷阱","id":"13"},{"archive_type_name":"认知科学","image":"1693380712834.jpg","file":"9756978125885440.html","author":"弗雷?卡尔","publish_house":"中信出版社","rowNum":"17","name":"技术陷阱17","archive_type_id":"14","key_words":"技术 陷阱","id":"17"}]
2023-10-11 13:35:52.868 [http-nio-8090-exec-9] INFO  com.bookroles.configurer.EncryptFilter - 加密返回数据,运行时间:12
2023-10-11 13:36:04.139 [http-nio-8090-exec-2] INFO  com.bookroles.configurer.EncryptFilter - 进入加解密过滤器,URL:http://192.168.1.100:8090/bookroles/book/findByWord.do
2023-10-11 13:36:04.139 [http-nio-8090-exec-2] INFO  com.bookroles.configurer.EncryptFilter - 进入加解密过滤器,时间:1697002564139
2023-10-11 13:36:04.140 [http-nio-8090-exec-2] INFO  com.bookroles.configurer.EncryptFilter - 解密请求数据:{"word":"同","row":1}
2023-10-11 13:36:04.143 [http-nio-8090-exec-2] INFO  com.bookroles.configurer.EncryptFilter - 原始返回数据:[]
2023-10-11 13:36:04.144 [http-nio-8090-exec-2] INFO  com.bookroles.configurer.EncryptFilter - 加密返回数据:[]
2023-10-11 13:36:04.144 [http-nio-8090-exec-2] INFO  com.bookroles.configurer.EncryptFilter - 加密返回数据,运行时间:5
2023-10-11 13:36:09.338 [http-nio-8090-exec-5] INFO  com.bookroles.configurer.EncryptFilter - 进入加解密过滤器,URL:http://192.168.1.100:8090/bookroles/book/findByWord.do
2023-10-11 13:36:09.338 [http-nio-8090-exec-5] INFO  com.bookroles.configurer.EncryptFilter - 进入加解密过滤器,时间:1697002569338
2023-10-11 13:36:09.339 [http-nio-8090-exec-5] INFO  com.bookroles.configurer.EncryptFilter - 解密请求数据:{"word":"共生","row":1}
2023-10-11 13:36:09.345 [http-nio-8090-exec-5] INFO  com.bookroles.configurer.EncryptFilter - 原始返回数据:[{"archive_type_name":"认知科学","image":"1693382935689.jpg","file":"9756978004250624.html","author":"陈春花","publish_house":"中国人民出版社","rowNum":"2","name":"价值共生","archive_type_id":"14","key_words":"价值 共生","id":"2"},{"archive_type_name":"成功学","image":"1693381712215.jpg","file":"9756978021027840.html","author":"李尚龙","publish_house":"浙江出版社","rowNum":"3","name":"持续成长","archive_type_id":"13","key_words":"持续 成长","id":"3"},{"archive_type_name":"认知科学","image":"1693382935689.jpg","file":"9756978079748096.html","author":"陈春花","publish_house":"中国人民出版社","rowNum":"10","name":"价值共生10","archive_type_id":"14","key_words":"价值 共生","id":"10"},{"archive_type_name":"认知科学","image":"1693382935689.jpg","file":"9756978104913920.html","author":"陈春花","publish_house":"中国人民出版社","rowNum":"14","name":"价值共生14","archive_type_id":"14","key_words":"价值 共生","id":"14"}]
2023-10-11 13:36:09.347 [http-nio-8090-exec-5] INFO  com.bookroles.configurer.EncryptFilter - 加密返回数据:[{"archive_type_name":"认知科学","image":"1693382935689.jpg","file":"9756978004250624.html","author":"陈春花","publish_house":"中国人民出版社","rowNum":"2","name":"价值共生","archive_type_id":"14","key_words":"价值 共生","id":"2"},{"archive_type_name":"成功学","image":"1693381712215.jpg","file":"9756978021027840.html","author":"李尚龙","publish_house":"浙江出版社","rowNum":"3","name":"持续成长","archive_type_id":"13","key_words":"持续 成长","id":"3"},{"archive_type_name":"认知科学","image":"1693382935689.jpg","file":"9756978079748096.html","author":"陈春花","publish_house":"中国人民出版社","rowNum":"10","name":"价值共生10","archive_type_id":"14","key_words":"价值 共生","id":"10"},{"archive_type_name":"认知科学","image":"1693382935689.jpg","file":"9756978104913920.html","author":"陈春花","publish_house":"中国人民出版社","rowNum":"14","name":"价值共生14","archive_type_id":"14","key_words":"价值 共生","id":"14"}]
2023-10-11 13:36:09.347 [http-nio-8090-exec-5] INFO  com.bookroles.configurer.EncryptFilter - 加密返回数据,运行时间:9
2023-10-11 13:36:13.425 [http-nio-8090-exec-7] INFO  com.bookroles.configurer.EncryptFilter - 进入加解密过滤器,URL:http://192.168.1.100:8090/bookroles/detail/9756978104913920.html
2023-10-11 13:36:13.426 [http-nio-8090-exec-7] INFO  com.bookroles.configurer.EncryptFilter - 进入加解密过滤器,时间:1697002573425
2023-10-11 13:36:14.689 [http-nio-8090-exec-8] INFO  com.bookroles.configurer.EncryptFilter - 进入加解密过滤器,URL:http://192.168.1.100:8090/bookroles/book/getDetailById.do
2023-10-11 13:36:14.690 [http-nio-8090-exec-8] INFO  com.bookroles.configurer.EncryptFilter - 进入加解密过滤器,时间:1697002574690
2023-10-11 13:36:14.691 [http-nio-8090-exec-8] INFO  com.bookroles.configurer.EncryptFilter - 解密请求数据:{"id":"14"}
2023-10-11 13:36:14.697 [http-nio-8090-exec-8] INFO  com.bookroles.configurer.EncryptFilter - 原始返回数据:{"download_time":"0","search_count":"1","search_time":"0","download_count":"0"}
2023-10-11 13:36:14.698 [http-nio-8090-exec-8] INFO  com.bookroles.configurer.EncryptFilter - 加密返回数据:{"download_time":"0","search_count":"1","search_time":"0","download_count":"0"}
2023-10-11 13:36:14.699 [http-nio-8090-exec-8] INFO  com.bookroles.configurer.EncryptFilter - 加密返回数据,运行时间:9
2023-10-11 13:36:24.564 [http-nio-8090-exec-10] INFO  com.bookroles.configurer.EncryptFilter - 进入加解密过滤器,URL:http://192.168.1.100:8090/bookroles/book/findByWord.do
2023-10-11 13:36:24.564 [http-nio-8090-exec-10] INFO  com.bookroles.configurer.EncryptFilter - 进入加解密过滤器,时间:1697002584564
2023-10-11 13:36:24.565 [http-nio-8090-exec-10] INFO  com.bookroles.configurer.EncryptFilter - 解密请求数据:{"word":"陈","row":1}
2023-10-11 13:36:24.572 [http-nio-8090-exec-10] INFO  com.bookroles.configurer.EncryptFilter - 原始返回数据:[]
2023-10-11 13:36:24.573 [http-nio-8090-exec-10] INFO  com.bookroles.configurer.EncryptFilter - 加密返回数据:[]
2023-10-11 13:36:24.573 [http-nio-8090-exec-10] INFO  com.bookroles.configurer.EncryptFilter - 加密返回数据,运行时间:9
2023-10-11 13:36:31.546 [http-nio-8090-exec-9] INFO  com.bookroles.configurer.EncryptFilter - 进入加解密过滤器,URL:http://192.168.1.100:8090/bookroles/book/findByWord.do
2023-10-11 13:36:31.546 [http-nio-8090-exec-9] INFO  com.bookroles.configurer.EncryptFilter - 进入加解密过滤器,时间:1697002591546
2023-10-11 13:36:31.547 [http-nio-8090-exec-9] INFO  com.bookroles.configurer.EncryptFilter - 解密请求数据:{"word":"中信","row":1}
2023-10-11 13:36:31.553 [http-nio-8090-exec-9] INFO  com.bookroles.configurer.EncryptFilter - 原始返回数据:[{"archive_type_name":"认知科学","image":"1693380712834.jpg","file":"9756977974890496.html","author":"弗雷?卡尔","publish_house":"中信出版社","rowNum":"1","name":"技术陷阱","archive_type_id":"14","key_words":"技术 陷阱 工业革命 创造性创新 替代性创新 失业","id":"1"},{"archive_type_name":"认知科学","image":"1693383144955.jpg","file":"9756978033610752.html","author":"朱建军 曹昱","publish_house":"中信出版社","rowNum":"4","name":"情绪词典","archive_type_id":"14","key_words":"情绪 词典","id":"4"},{"archive_type_name":"认知科学","image":"1693380712834.jpg","file":"9756978041999360.html","author":"弗雷?卡尔","publish_house":"中信出版社","rowNum":"5","name":"技术陷阱5","archive_type_id":"14","key_words":"技术 陷阱","id":"5"},{"archive_type_name":"认知科学","image":"1693380712834.jpg","file":"9756978050387968.html","author":"弗雷?卡尔","publish_house":"中信出版社","rowNum":"6","name":"技术陷阱6","archive_type_id":"14","key_words":"技术 陷阱","id":"6"}]
2023-10-11 13:36:31.554 [http-nio-8090-exec-9] INFO  com.bookroles.configurer.EncryptFilter - 加密返回数据:[{"archive_type_name":"认知科学","image":"1693380712834.jpg","file":"9756977974890496.html","author":"弗雷?卡尔","publish_house":"中信出版社","rowNum":"1","name":"技术陷阱","archive_type_id":"14","key_words":"技术 陷阱 工业革命 创造性创新 替代性创新 失业","id":"1"},{"archive_type_name":"认知科学","image":"1693383144955.jpg","file":"9756978033610752.html","author":"朱建军 曹昱","publish_house":"中信出版社","rowNum":"4","name":"情绪词典","archive_type_id":"14","key_words":"情绪 词典","id":"4"},{"archive_type_name":"认知科学","image":"1693380712834.jpg","file":"9756978041999360.html","author":"弗雷?卡尔","publish_house":"中信出版社","rowNum":"5","name":"技术陷阱5","archive_type_id":"14","key_words":"技术 陷阱","id":"5"},{"archive_type_name":"认知科学","image":"1693380712834.jpg","file":"9756978050387968.html","author":"弗雷?卡尔","publish_house":"中信出版社","rowNum":"6","name":"技术陷阱6","archive_type_id":"14","key_words":"技术 陷阱","id":"6"}]
2023-10-11 13:36:31.554 [http-nio-8090-exec-9] INFO  com.bookroles.configurer.EncryptFilter - 加密返回数据,运行时间:8
2023-10-11 13:36:36.547 [http-nio-8090-exec-4] INFO  com.bookroles.configurer.EncryptFilter - 进入加解密过滤器,URL:http://192.168.1.100:8090/bookroles/book/findByAuthor.do
2023-10-11 13:36:36.548 [http-nio-8090-exec-4] INFO  com.bookroles.configurer.EncryptFilter - 进入加解密过滤器,时间:1697002596548
2023-10-11 13:36:36.551 [http-nio-8090-exec-4] INFO  com.bookroles.configurer.EncryptFilter - 解密请求数据:{"author":"弗雷?卡尔","row":1}
2023-10-11 13:36:36.565 [http-nio-8090-exec-4] INFO  com.bookroles.configurer.EncryptFilter - 原始返回数据:[{"archive_type_name":"认知科学","image":"1693380712834.jpg","file":"9756977974890496.html","author":"弗雷?卡尔","publish_house":"中信出版社","rowNum":"1","name":"技术陷阱","archive_type_id":"14","key_words":"技术 陷阱 工业革命 创造性创新 替代性创新 失业","id":"1"},{"archive_type_name":"认知科学","image":"1693380712834.jpg","file":"9756978041999360.html","author":"弗雷?卡尔","publish_house":"中信出版社","rowNum":"5","name":"技术陷阱5","archive_type_id":"14","key_words":"技术 陷阱","id":"5"},{"archive_type_name":"认知科学","image":"1693380712834.jpg","file":"9756978050387968.html","author":"弗雷?卡尔","publish_house":"中信出版社","rowNum":"6","name":"技术陷阱6","archive_type_id":"14","key_words":"技术 陷阱","id":"6"},{"archive_type_name":"认知科学","image":"1693380712834.jpg","file":"9756978054582272.html","author":"弗雷?卡尔","publish_house":"中信出版社","rowNum":"7","name":"技术陷阱7","archive_type_id":"14","key_words":"技术 陷阱","id":"7"}]
2023-10-11 13:36:36.570 [http-nio-8090-exec-4] INFO  com.bookroles.configurer.EncryptFilter - 加密返回数据:[{"archive_type_name":"认知科学","image":"1693380712834.jpg","file":"9756977974890496.html","author":"弗雷?卡尔","publish_house":"中信出版社","rowNum":"1","name":"技术陷阱","archive_type_id":"14","key_words":"技术 陷阱 工业革命 创造性创新 替代性创新 失业","id":"1"},{"archive_type_name":"认知科学","image":"1693380712834.jpg","file":"9756978041999360.html","author":"弗雷?卡尔","publish_house":"中信出版社","rowNum":"5","name":"技术陷阱5","archive_type_id":"14","key_words":"技术 陷阱","id":"5"},{"archive_type_name":"认知科学","image":"1693380712834.jpg","file":"9756978050387968.html","author":"弗雷?卡尔","publish_house":"中信出版社","rowNum":"6","name":"技术陷阱6","archive_type_id":"14","key_words":"技术 陷阱","id":"6"},{"archive_type_name":"认知科学","image":"1693380712834.jpg","file":"9756978054582272.html","author":"弗雷?卡尔","publish_house":"中信出版社","rowNum":"7","name":"技术陷阱7","archive_type_id":"14","key_words":"技术 陷阱","id":"7"}]
2023-10-11 13:36:36.570 [http-nio-8090-exec-4] INFO  com.bookroles.configurer.EncryptFilter - 加密返回数据,运行时间:22
2023-10-11 13:36:37.913 [http-nio-8090-exec-2] INFO  com.bookroles.configurer.EncryptFilter - 进入加解密过滤器,URL:http://192.168.1.100:8090/bookroles/book/findByAuthor.do
2023-10-11 13:36:37.914 [http-nio-8090-exec-2] INFO  com.bookroles.configurer.EncryptFilter - 进入加解密过滤器,时间:1697002597914
2023-10-11 13:36:37.915 [http-nio-8090-exec-2] INFO  com.bookroles.configurer.EncryptFilter - 解密请求数据:{"author":"弗雷?卡尔","row":1}
2023-10-11 13:36:37.922 [http-nio-8090-exec-2] INFO  com.bookroles.configurer.EncryptFilter - 原始返回数据:[{"archive_type_name":"认知科学","image":"1693380712834.jpg","file":"9756977974890496.html","author":"弗雷?卡尔","publish_house":"中信出版社","rowNum":"1","name":"技术陷阱","archive_type_id":"14","key_words":"技术 陷阱 工业革命 创造性创新 替代性创新 失业","id":"1"},{"archive_type_name":"认知科学","image":"1693380712834.jpg","file":"9756978041999360.html","author":"弗雷?卡尔","publish_house":"中信出版社","rowNum":"5","name":"技术陷阱5","archive_type_id":"14","key_words":"技术 陷阱","id":"5"},{"archive_type_name":"认知科学","image":"1693380712834.jpg","file":"9756978050387968.html","author":"弗雷?卡尔","publish_house":"中信出版社","rowNum":"6","name":"技术陷阱6","archive_type_id":"14","key_words":"技术 陷阱","id":"6"},{"archive_type_name":"认知科学","image":"1693380712834.jpg","file":"9756978054582272.html","author":"弗雷?卡尔","publish_house":"中信出版社","rowNum":"7","name":"技术陷阱7","archive_type_id":"14","key_words":"技术 陷阱","id":"7"}]
2023-10-11 13:36:37.924 [http-nio-8090-exec-2] INFO  com.bookroles.configurer.EncryptFilter - 加密返回数据:[{"archive_type_name":"认知科学","image":"1693380712834.jpg","file":"9756977974890496.html","author":"弗雷?卡尔","publish_house":"中信出版社","rowNum":"1","name":"技术陷阱","archive_type_id":"14","key_words":"技术 陷阱 工业革命 创造性创新 替代性创新 失业","id":"1"},{"archive_type_name":"认知科学","image":"1693380712834.jpg","file":"9756978041999360.html","author":"弗雷?卡尔","publish_house":"中信出版社","rowNum":"5","name":"技术陷阱5","archive_type_id":"14","key_words":"技术 陷阱","id":"5"},{"archive_type_name":"认知科学","image":"1693380712834.jpg","file":"9756978050387968.html","author":"弗雷?卡尔","publish_house":"中信出版社","rowNum":"6","name":"技术陷阱6","archive_type_id":"14","key_words":"技术 陷阱","id":"6"},{"archive_type_name":"认知科学","image":"1693380712834.jpg","file":"9756978054582272.html","author":"弗雷?卡尔","publish_house":"中信出版社","rowNum":"7","name":"技术陷阱7","archive_type_id":"14","key_words":"技术 陷阱","id":"7"}]
2023-10-11 13:36:37.925 [http-nio-8090-exec-2] INFO  com.bookroles.configurer.EncryptFilter - 加密返回数据,运行时间:11
2023-10-11 13:36:41.072 [http-nio-8090-exec-3] INFO  com.bookroles.configurer.EncryptFilter - 进入加解密过滤器,URL:http://192.168.1.100:8090/bookroles/book/findByAuthor.do
2023-10-11 13:36:41.072 [http-nio-8090-exec-3] INFO  com.bookroles.configurer.EncryptFilter - 进入加解密过滤器,时间:1697002601072
2023-10-11 13:36:41.074 [http-nio-8090-exec-3] INFO  com.bookroles.configurer.EncryptFilter - 解密请求数据:{"author":"弗雷?卡尔","row":1}
2023-10-11 13:36:41.081 [http-nio-8090-exec-3] INFO  com.bookroles.configurer.EncryptFilter - 原始返回数据:[{"archive_type_name":"认知科学","image":"1693380712834.jpg","file":"9756977974890496.html","author":"弗雷?卡尔","publish_house":"中信出版社","rowNum":"1","name":"技术陷阱","archive_type_id":"14","key_words":"技术 陷阱 工业革命 创造性创新 替代性创新 失业","id":"1"},{"archive_type_name":"认知科学","image":"1693380712834.jpg","file":"9756978041999360.html","author":"弗雷?卡尔","publish_house":"中信出版社","rowNum":"5","name":"技术陷阱5","archive_type_id":"14","key_words":"技术 陷阱","id":"5"},{"archive_type_name":"认知科学","image":"1693380712834.jpg","file":"9756978050387968.html","author":"弗雷?卡尔","publish_house":"中信出版社","rowNum":"6","name":"技术陷阱6","archive_type_id":"14","key_words":"技术 陷阱","id":"6"},{"archive_type_name":"认知科学","image":"1693380712834.jpg","file":"9756978054582272.html","author":"弗雷?卡尔","publish_house":"中信出版社","rowNum":"7","name":"技术陷阱7","archive_type_id":"14","key_words":"技术 陷阱","id":"7"}]
2023-10-11 13:36:41.082 [http-nio-8090-exec-3] INFO  com.bookroles.configurer.EncryptFilter - 加密返回数据:[{"archive_type_name":"认知科学","image":"1693380712834.jpg","file":"9756977974890496.html","author":"弗雷?卡尔","publish_house":"中信出版社","rowNum":"1","name":"技术陷阱","archive_type_id":"14","key_words":"技术 陷阱 工业革命 创造性创新 替代性创新 失业","id":"1"},{"archive_type_name":"认知科学","image":"1693380712834.jpg","file":"9756978041999360.html","author":"弗雷?卡尔","publish_house":"中信出版社","rowNum":"5","name":"技术陷阱5","archive_type_id":"14","key_words":"技术 陷阱","id":"5"},{"archive_type_name":"认知科学","image":"1693380712834.jpg","file":"9756978050387968.html","author":"弗雷?卡尔","publish_house":"中信出版社","rowNum":"6","name":"技术陷阱6","archive_type_id":"14","key_words":"技术 陷阱","id":"6"},{"archive_type_name":"认知科学","image":"1693380712834.jpg","file":"9756978054582272.html","author":"弗雷?卡尔","publish_house":"中信出版社","rowNum":"7","name":"技术陷阱7","archive_type_id":"14","key_words":"技术 陷阱","id":"7"}]
2023-10-11 13:36:41.083 [http-nio-8090-exec-3] INFO  com.bookroles.configurer.EncryptFilter - 加密返回数据,运行时间:11
2023-10-11 13:36:42.682 [http-nio-8090-exec-5] INFO  com.bookroles.configurer.EncryptFilter - 进入加解密过滤器,URL:http://192.168.1.100:8090/bookroles/book/getDetailById.do
2023-10-11 13:36:42.682 [http-nio-8090-exec-5] INFO  com.bookroles.configurer.EncryptFilter - 进入加解密过滤器,时间:1697002602682
2023-10-11 13:36:42.683 [http-nio-8090-exec-5] INFO  com.bookroles.configurer.EncryptFilter - 解密请求数据:{"id":"1"}
2023-10-11 13:36:42.688 [http-nio-8090-exec-5] INFO  com.bookroles.configurer.EncryptFilter - 原始返回数据:{"download_time":"0","search_count":"3","search_time":"1697002536132","download_count":"0"}
2023-10-11 13:36:42.689 [http-nio-8090-exec-5] INFO  com.bookroles.configurer.EncryptFilter - 加密返回数据:{"download_time":"0","search_count":"3","search_time":"1697002536132","download_count":"0"}
2023-10-11 13:36:42.689 [http-nio-8090-exec-5] INFO  com.bookroles.configurer.EncryptFilter - 加密返回数据,运行时间:7
2023-10-11 13:36:48.172 [http-nio-8090-exec-8] INFO  com.bookroles.configurer.EncryptFilter - 进入加解密过滤器,URL:http://192.168.1.100:8090/bookroles/book/findByAuthor.do
2023-10-11 13:36:48.172 [http-nio-8090-exec-8] INFO  com.bookroles.configurer.EncryptFilter - 进入加解密过滤器,时间:1697002608172
2023-10-11 13:36:48.173 [http-nio-8090-exec-8] INFO  com.bookroles.configurer.EncryptFilter - 解密请求数据:{"author":"弗雷?卡尔","row":2}
2023-10-11 13:36:48.179 [http-nio-8090-exec-8] INFO  com.bookroles.configurer.EncryptFilter - 原始返回数据:[{"archive_type_name":"认知科学","image":"1693380712834.jpg","file":"9756978062970880.html","author":"弗雷?卡尔","publish_house":"中信出版社","rowNum":"8","name":"技术陷阱8","archive_type_id":"14","key_words":"技术 陷阱","id":"8"},{"archive_type_name":"认知科学","image":"1693380712834.jpg","file":"9756978071359488.html","author":"弗雷?卡尔","publish_house":"中信出版社","rowNum":"9","name":"技术陷阱9","archive_type_id":"14","key_words":"技术 陷阱","id":"9"},{"archive_type_name":"认知科学","image":"1693380712834.jpg","file":"9756978100719616.html","author":"弗雷?卡尔","publish_house":"中信出版社","rowNum":"13","name":"技术陷阱13","archive_type_id":"14","key_words":"技术 陷阱","id":"13"},{"archive_type_name":"认知科学","image":"1693380712834.jpg","file":"9756978125885440.html","author":"弗雷?卡尔","publish_house":"中信出版社","rowNum":"17","name":"技术陷阱17","archive_type_id":"14","key_words":"技术 陷阱","id":"17"}]
2023-10-11 13:36:48.181 [http-nio-8090-exec-8] INFO  com.bookroles.configurer.EncryptFilter - 加密返回数据:[{"archive_type_name":"认知科学","image":"1693380712834.jpg","file":"9756978062970880.html","author":"弗雷?卡尔","publish_house":"中信出版社","rowNum":"8","name":"技术陷阱8","archive_type_id":"14","key_words":"技术 陷阱","id":"8"},{"archive_type_name":"认知科学","image":"1693380712834.jpg","file":"9756978071359488.html","author":"弗雷?卡尔","publish_house":"中信出版社","rowNum":"9","name":"技术陷阱9","archive_type_id":"14","key_words":"技术 陷阱","id":"9"},{"archive_type_name":"认知科学","image":"1693380712834.jpg","file":"9756978100719616.html","author":"弗雷?卡尔","publish_house":"中信出版社","rowNum":"13","name":"技术陷阱13","archive_type_id":"14","key_words":"技术 陷阱","id":"13"},{"archive_type_name":"认知科学","image":"1693380712834.jpg","file":"9756978125885440.html","author":"弗雷?卡尔","publish_house":"中信出版社","rowNum":"17","name":"技术陷阱17","archive_type_id":"14","key_words":"技术 陷阱","id":"17"}]
2023-10-11 13:36:48.181 [http-nio-8090-exec-8] INFO  com.bookroles.configurer.EncryptFilter - 加密返回数据,运行时间:9
2023-10-11 13:37:28.214 [http-nio-8090-exec-1] INFO  com.bookroles.configurer.EncryptFilter - 进入加解密过滤器,URL:http://192.168.1.100:8090/bookroles/css/bootstrap.min.css
2023-10-11 13:37:28.214 [http-nio-8090-exec-1] INFO  com.bookroles.configurer.EncryptFilter - 进入加解密过滤器,时间:1697002648214
2023-10-11 13:37:28.235 [http-nio-8090-exec-9] INFO  com.bookroles.configurer.EncryptFilter - 进入加解密过滤器,URL:http://192.168.1.100:8090/bookroles/js/jquery-3.7.1.min.js
2023-10-11 13:37:28.235 [http-nio-8090-exec-9] INFO  com.bookroles.configurer.EncryptFilter - 进入加解密过滤器,时间:1697002648235
2023-10-11 13:37:28.236 [http-nio-8090-exec-4] INFO  com.bookroles.configurer.EncryptFilter - 进入加解密过滤器,URL:http://192.168.1.100:8090/bookroles/js/bootstrap.min.js
2023-10-11 13:37:28.237 [http-nio-8090-exec-4] INFO  com.bookroles.configurer.EncryptFilter - 进入加解密过滤器,时间:1697002648237
2023-10-11 13:37:28.254 [http-nio-8090-exec-2] INFO  com.bookroles.configurer.EncryptFilter - 进入加解密过滤器,URL:http://192.168.1.100:8090/bookroles/js/arttemplate.js
2023-10-11 13:37:28.254 [http-nio-8090-exec-2] INFO  com.bookroles.configurer.EncryptFilter - 进入加解密过滤器,时间:1697002648254
2023-10-11 13:37:28.272 [http-nio-8090-exec-3] INFO  com.bookroles.configurer.EncryptFilter - 进入加解密过滤器,URL:http://192.168.1.100:8090/bookroles/js/crypto-js2.min.js
2023-10-11 13:37:28.272 [http-nio-8090-exec-3] INFO  com.bookroles.configurer.EncryptFilter - 进入加解密过滤器,时间:1697002648272
2023-10-11 13:37:28.853 [http-nio-8090-exec-5] INFO  com.bookroles.configurer.EncryptFilter - 进入加解密过滤器,URL:http://192.168.1.100:8090/bookroles/image/16pic_7402886_b.jpg
2023-10-11 13:37:28.854 [http-nio-8090-exec-5] INFO  com.bookroles.configurer.EncryptFilter - 进入加解密过滤器,时间:1697002648854
2023-10-11 13:37:28.858 [http-nio-8090-exec-7] INFO  com.bookroles.configurer.EncryptFilter - 进入加解密过滤器,URL:http://192.168.1.100:8090/bookroles/css/bookroles1.ttf
2023-10-11 13:37:28.858 [http-nio-8090-exec-7] INFO  com.bookroles.configurer.EncryptFilter - 进入加解密过滤器,时间:1697002648858
2023-10-11 13:37:29.041 [http-nio-8090-exec-8] INFO  com.bookroles.configurer.EncryptFilter - 进入加解密过滤器,URL:http://192.168.1.100:8090/bookroles/header.html
2023-10-11 13:37:29.042 [http-nio-8090-exec-8] INFO  com.bookroles.configurer.EncryptFilter - 进入加解密过滤器,时间:1697002649042
2023-10-11 13:37:29.125 [http-nio-8090-exec-6] INFO  com.bookroles.configurer.EncryptFilter - 进入加解密过滤器,URL:http://192.168.1.100:8090/bookroles/book/findHot.do
2023-10-11 13:37:29.125 [http-nio-8090-exec-6] INFO  com.bookroles.configurer.EncryptFilter - 进入加解密过滤器,时间:1697002649125
2023-10-11 13:37:29.126 [http-nio-8090-exec-6] INFO  com.bookroles.configurer.EncryptFilter - 解密请求数据:{"row":1}
2023-10-11 13:37:29.132 [http-nio-8090-exec-6] INFO  com.bookroles.configurer.EncryptFilter - 原始返回数据:[{"archive_type_name":"认知科学","image":"1693380712834.jpg","file":"9756977974890496.html","author":"弗雷?卡尔","publish_house":"中信出版社","rowNum":"1","name":"技术陷阱","archive_type_id":"14","key_words":"技术 陷阱 工业革命 创造性创新 替代性创新 失业","id":"1"},{"archive_type_name":"认知科学","image":"1693382935689.jpg","file":"9756978004250624.html","author":"陈春花","publish_house":"中国人民出版社","rowNum":"2","name":"价值共生","archive_type_id":"14","key_words":"价值 共生","id":"2"},{"archive_type_name":"成功学","image":"1693381712215.jpg","file":"9756978021027840.html","author":"李尚龙","publish_house":"浙江出版社","rowNum":"3","name":"持续成长","archive_type_id":"13","key_words":"持续 成长","id":"3"},{"archive_type_name":"认知科学","image":"1693383144955.jpg","file":"9756978033610752.html","author":"朱建军 曹昱","publish_house":"中信出版社","rowNum":"4","name":"情绪词典","archive_type_id":"14","key_words":"情绪 词典","id":"4"}]
2023-10-11 13:37:29.133 [http-nio-8090-exec-6] INFO  com.bookroles.configurer.EncryptFilter - 加密返回数据:[{"archive_type_name":"认知科学","image":"1693380712834.jpg","file":"9756977974890496.html","author":"弗雷?卡尔","publish_house":"中信出版社","rowNum":"1","name":"技术陷阱","archive_type_id":"14","key_words":"技术 陷阱 工业革命 创造性创新 替代性创新 失业","id":"1"},{"archive_type_name":"认知科学","image":"1693382935689.jpg","file":"9756978004250624.html","author":"陈春花","publish_house":"中国人民出版社","rowNum":"2","name":"价值共生","archive_type_id":"14","key_words":"价值 共生","id":"2"},{"archive_type_name":"成功学","image":"1693381712215.jpg","file":"9756978021027840.html","author":"李尚龙","publish_house":"浙江出版社","rowNum":"3","name":"持续成长","archive_type_id":"13","key_words":"持续 成长","id":"3"},{"archive_type_name":"认知科学","image":"1693383144955.jpg","file":"9756978033610752.html","author":"朱建军 曹昱","publish_house":"中信出版社","rowNum":"4","name":"情绪词典","archive_type_id":"14","key_words":"情绪 词典","id":"4"}]
2023-10-11 13:37:29.133 [http-nio-8090-exec-6] INFO  com.bookroles.configurer.EncryptFilter - 加密返回数据,运行时间:8
2023-10-11 13:37:29.230 [http-nio-8090-exec-10] INFO  com.bookroles.configurer.EncryptFilter - 进入加解密过滤器,URL:http://192.168.1.100:8090/bookroles/footer.html
2023-10-11 13:37:29.231 [http-nio-8090-exec-10] INFO  com.bookroles.configurer.EncryptFilter - 进入加解密过滤器,时间:1697002649231
2023-10-11 13:37:29.638 [http-nio-8090-exec-1] INFO  com.bookroles.configurer.EncryptFilter - 进入加解密过滤器,URL:http://192.168.1.100:8090/bookroles/image/1693380712834.jpg
2023-10-11 13:37:29.638 [http-nio-8090-exec-1] INFO  com.bookroles.configurer.EncryptFilter - 进入加解密过滤器,时间:1697002649638
2023-10-11 13:37:29.642 [http-nio-8090-exec-2] INFO  com.bookroles.configurer.EncryptFilter - 进入加解密过滤器,URL:http://192.168.1.100:8090/bookroles/image/1693382935689.jpg
2023-10-11 13:37:29.642 [http-nio-8090-exec-4] INFO  com.bookroles.configurer.EncryptFilter - 进入加解密过滤器,URL:http://192.168.1.100:8090/bookroles/image/1693381712215.jpg
2023-10-11 13:37:29.643 [http-nio-8090-exec-2] INFO  com.bookroles.configurer.EncryptFilter - 进入加解密过滤器,时间:1697002649642
2023-10-11 13:37:29.643 [http-nio-8090-exec-4] INFO  com.bookroles.configurer.EncryptFilter - 进入加解密过滤器,时间:1697002649643
2023-10-11 13:37:29.649 [http-nio-8090-exec-9] INFO  com.bookroles.configurer.EncryptFilter - 进入加解密过滤器,URL:http://192.168.1.100:8090/bookroles/image/1693383144955.jpg
2023-10-11 13:37:29.649 [http-nio-8090-exec-9] INFO  com.bookroles.configurer.EncryptFilter - 进入加解密过滤器,时间:1697002649649
2023-10-11 13:37:29.856 [http-nio-8090-exec-3] INFO  com.bookroles.configurer.EncryptFilter - 进入加解密过滤器,URL:http://192.168.1.100:8090/bookroles/image/favicon.ico
2023-10-11 13:37:29.857 [http-nio-8090-exec-3] INFO  com.bookroles.configurer.EncryptFilter - 进入加解密过滤器,时间:1697002649857
2023-10-11 13:37:33.753 [http-nio-8090-exec-5] INFO  com.bookroles.configurer.EncryptFilter - 进入加解密过滤器,URL:http://192.168.1.100:8090/bookroles/detail/9756978033610752.html
2023-10-11 13:37:33.753 [http-nio-8090-exec-5] INFO  com.bookroles.configurer.EncryptFilter - 进入加解密过滤器,时间:1697002653753
2023-10-11 13:37:33.899 [http-nio-8090-exec-7] INFO  com.bookroles.configurer.EncryptFilter - 进入加解密过滤器,URL:http://192.168.1.100:8090/bookroles/bootstrap-icons/font/bootstrap-icons.min.css
2023-10-11 13:37:33.899 [http-nio-8090-exec-7] INFO  com.bookroles.configurer.EncryptFilter - 进入加解密过滤器,时间:1697002653899
2023-10-11 13:37:33.903 [http-nio-8090-exec-8] INFO  com.bookroles.configurer.EncryptFilter - 进入加解密过滤器,URL:http://192.168.1.100:8090/bookroles/js/base64.js
2023-10-11 13:37:33.903 [http-nio-8090-exec-8] INFO  com.bookroles.configurer.EncryptFilter - 进入加解密过滤器,时间:1697002653903
2023-10-11 13:37:33.955 [http-nio-8090-exec-6] INFO  com.bookroles.configurer.EncryptFilter - 进入加解密过滤器,URL:http://192.168.1.100:8090/bookroles/image/bgbook.jpg
2023-10-11 13:37:33.956 [http-nio-8090-exec-6] INFO  com.bookroles.configurer.EncryptFilter - 进入加解密过滤器,时间:1697002653956
2023-10-11 13:37:34.113 [http-nio-8090-exec-10] INFO  com.bookroles.configurer.EncryptFilter - 进入加解密过滤器,URL:http://192.168.1.100:8090/bookroles/bootstrap-icons/font/fonts/bootstrap-icons.woff2
2023-10-11 13:37:34.113 [http-nio-8090-exec-10] INFO  com.bookroles.configurer.EncryptFilter - 进入加解密过滤器,时间:1697002654113
2023-10-11 13:37:34.620 [http-nio-8090-exec-1] INFO  com.bookroles.configurer.EncryptFilter - 进入加解密过滤器,URL:http://192.168.1.100:8090/bookroles/book/getDetailById.do
2023-10-11 13:37:34.620 [http-nio-8090-exec-1] INFO  com.bookroles.configurer.EncryptFilter - 进入加解密过滤器,时间:1697002654620
2023-10-11 13:37:34.621 [http-nio-8090-exec-1] INFO  com.bookroles.configurer.EncryptFilter - 解密请求数据:{"id":"4"}
2023-10-11 13:37:34.625 [http-nio-8090-exec-1] INFO  com.bookroles.configurer.EncryptFilter - 原始返回数据:{"download_time":"0","search_count":"2","search_time":"1697002457314","download_count":"0"}
2023-10-11 13:37:34.626 [http-nio-8090-exec-1] INFO  com.bookroles.configurer.EncryptFilter - 加密返回数据:{"download_time":"0","search_count":"2","search_time":"1697002457314","download_count":"0"}
2023-10-11 13:37:34.626 [http-nio-8090-exec-1] INFO  com.bookroles.configurer.EncryptFilter - 加密返回数据,运行时间:6
2023-10-11 13:37:42.227 [http-nio-8090-exec-5] INFO  com.bookroles.configurer.EncryptFilter - 进入加解密过滤器,URL:http://192.168.1.100:8090/bookroles/book/findByArchiveType.do
2023-10-11 13:37:42.227 [http-nio-8090-exec-5] INFO  com.bookroles.configurer.EncryptFilter - 进入加解密过滤器,时间:1697002662227
2023-10-11 13:37:42.228 [http-nio-8090-exec-5] INFO  com.bookroles.configurer.EncryptFilter - 解密请求数据:{"archiveTypeId":"15","row":1}
2023-10-11 13:37:42.229 [http-nio-8090-exec-5] INFO  com.bookroles.configurer.EncryptFilter - 原始返回数据:[]
2023-10-11 13:37:42.229 [http-nio-8090-exec-5] INFO  com.bookroles.configurer.EncryptFilter - 加密返回数据:[]
2023-10-11 13:37:42.229 [http-nio-8090-exec-5] INFO  com.bookroles.configurer.EncryptFilter - 加密返回数据,运行时间:2
2023-10-11 13:37:43.943 [http-nio-8090-exec-8] INFO  com.bookroles.configurer.EncryptFilter - 进入加解密过滤器,URL:http://192.168.1.100:8090/bookroles/book/findByArchiveType.do
2023-10-11 13:37:43.943 [http-nio-8090-exec-8] INFO  com.bookroles.configurer.EncryptFilter - 进入加解密过滤器,时间:1697002663943
2023-10-11 13:37:43.944 [http-nio-8090-exec-8] INFO  com.bookroles.configurer.EncryptFilter - 解密请求数据:{"archiveTypeId":"13","row":1}
2023-10-11 13:37:43.951 [http-nio-8090-exec-8] INFO  com.bookroles.configurer.EncryptFilter - 原始返回数据:[{"archive_type_name":"成功学","image":"1693381712215.jpg","file":"9756978021027840.html","author":"李尚龙","publish_house":"浙江出版社","rowNum":"3","name":"持续成长","archive_type_id":"13","key_words":"持续 成长","id":"3"},{"archive_type_name":"成功学","image":"1693381712215.jpg","file":"9756978088136704.html","author":"李尚龙","publish_house":"浙江出版社","rowNum":"11","name":"持续成长11","archive_type_id":"13","key_words":"持续 成长","id":"11"},{"archive_type_name":"成功学","image":"1693381712215.jpg","file":"9756978113302528.html","author":"李尚龙","publish_house":"浙江出版社","rowNum":"15","name":"持续成长15","archive_type_id":"13","key_words":"持续 成长","id":"15"},{"archive_type_name":"成功学","image":"1693381712215.jpg","file":"9756978138468352.html","author":"李尚龙","publish_house":"浙江出版社","rowNum":"19","name":"持续成长19","archive_type_id":"13","key_words":"持续 成长","id":"19"}]
2023-10-11 13:37:43.952 [http-nio-8090-exec-8] INFO  com.bookroles.configurer.EncryptFilter - 加密返回数据:[{"archive_type_name":"成功学","image":"1693381712215.jpg","file":"9756978021027840.html","author":"李尚龙","publish_house":"浙江出版社","rowNum":"3","name":"持续成长","archive_type_id":"13","key_words":"持续 成长","id":"3"},{"archive_type_name":"成功学","image":"1693381712215.jpg","file":"9756978088136704.html","author":"李尚龙","publish_house":"浙江出版社","rowNum":"11","name":"持续成长11","archive_type_id":"13","key_words":"持续 成长","id":"11"},{"archive_type_name":"成功学","image":"1693381712215.jpg","file":"9756978113302528.html","author":"李尚龙","publish_house":"浙江出版社","rowNum":"15","name":"持续成长15","archive_type_id":"13","key_words":"持续 成长","id":"15"},{"archive_type_name":"成功学","image":"1693381712215.jpg","file":"9756978138468352.html","author":"李尚龙","publish_house":"浙江出版社","rowNum":"19","name":"持续成长19","archive_type_id":"13","key_words":"持续 成长","id":"19"}]
2023-10-11 13:37:43.953 [http-nio-8090-exec-8] INFO  com.bookroles.configurer.EncryptFilter - 加密返回数据,运行时间:10
2023-10-11 13:37:45.588 [http-nio-8090-exec-7] INFO  com.bookroles.configurer.EncryptFilter - 进入加解密过滤器,URL:http://192.168.1.100:8090/bookroles/book/findByArchiveType.do
2023-10-11 13:37:45.588 [http-nio-8090-exec-7] INFO  com.bookroles.configurer.EncryptFilter - 进入加解密过滤器,时间:1697002665588
2023-10-11 13:37:45.589 [http-nio-8090-exec-7] INFO  com.bookroles.configurer.EncryptFilter - 解密请求数据:{"archiveTypeId":"2","row":1}
2023-10-11 13:37:45.595 [http-nio-8090-exec-7] INFO  com.bookroles.configurer.EncryptFilter - 原始返回数据:[]
2023-10-11 13:37:45.596 [http-nio-8090-exec-7] INFO  com.bookroles.configurer.EncryptFilter - 加密返回数据:[]
2023-10-11 13:37:45.596 [http-nio-8090-exec-7] INFO  com.bookroles.configurer.EncryptFilter - 加密返回数据,运行时间:8
2023-10-11 13:37:47.090 [http-nio-8090-exec-6] INFO  com.bookroles.configurer.EncryptFilter - 进入加解密过滤器,URL:http://192.168.1.100:8090/bookroles/book/findByArchiveType.do
2023-10-11 13:37:47.091 [http-nio-8090-exec-6] INFO  com.bookroles.configurer.EncryptFilter - 进入加解密过滤器,时间:1697002667090
2023-10-11 13:37:47.092 [http-nio-8090-exec-6] INFO  com.bookroles.configurer.EncryptFilter - 解密请求数据:{"archiveTypeId":"3","row":1}
2023-10-11 13:37:47.096 [http-nio-8090-exec-6] INFO  com.bookroles.configurer.EncryptFilter - 原始返回数据:[]
2023-10-11 13:37:47.097 [http-nio-8090-exec-6] INFO  com.bookroles.configurer.EncryptFilter - 加密返回数据:[]
2023-10-11 13:37:47.097 [http-nio-8090-exec-6] INFO  com.bookroles.configurer.EncryptFilter - 加密返回数据,运行时间:7
2023-10-11 13:37:52.320 [http-nio-8090-exec-1] INFO  com.bookroles.configurer.EncryptFilter - 进入加解密过滤器,URL:http://192.168.1.100:8090/bookroles/book/findByWord.do
2023-10-11 13:37:52.320 [http-nio-8090-exec-1] INFO  com.bookroles.configurer.EncryptFilter - 进入加解密过滤器,时间:1697002672320
2023-10-11 13:37:52.321 [http-nio-8090-exec-1] INFO  com.bookroles.configurer.EncryptFilter - 解密请求数据:{"word":"价值","row":1}
2023-10-11 13:37:52.325 [http-nio-8090-exec-1] INFO  com.bookroles.configurer.EncryptFilter - 原始返回数据:[{"archive_type_name":"认知科学","image":"1693382935689.jpg","file":"9756978004250624.html","author":"陈春花","publish_house":"中国人民出版社","rowNum":"2","name":"价值共生","archive_type_id":"14","key_words":"价值 共生","id":"2"},{"archive_type_name":"成功学","image":"1693381712215.jpg","file":"9756978021027840.html","author":"李尚龙","publish_house":"浙江出版社","rowNum":"3","name":"持续成长","archive_type_id":"13","key_words":"持续 成长","id":"3"},{"archive_type_name":"认知科学","image":"1693382935689.jpg","file":"9756978079748096.html","author":"陈春花","publish_house":"中国人民出版社","rowNum":"10","name":"价值共生10","archive_type_id":"14","key_words":"价值 共生","id":"10"},{"archive_type_name":"认知科学","image":"1693382935689.jpg","file":"9756978104913920.html","author":"陈春花","publish_house":"中国人民出版社","rowNum":"14","name":"价值共生14","archive_type_id":"14","key_words":"价值 共生","id":"14"}]
2023-10-11 13:37:52.327 [http-nio-8090-exec-1] INFO  com.bookroles.configurer.EncryptFilter - 加密返回数据:[{"archive_type_name":"认知科学","image":"1693382935689.jpg","file":"9756978004250624.html","author":"陈春花","publish_house":"中国人民出版社","rowNum":"2","name":"价值共生","archive_type_id":"14","key_words":"价值 共生","id":"2"},{"archive_type_name":"成功学","image":"1693381712215.jpg","file":"9756978021027840.html","author":"李尚龙","publish_house":"浙江出版社","rowNum":"3","name":"持续成长","archive_type_id":"13","key_words":"持续 成长","id":"3"},{"archive_type_name":"认知科学","image":"1693382935689.jpg","file":"9756978079748096.html","author":"陈春花","publish_house":"中国人民出版社","rowNum":"10","name":"价值共生10","archive_type_id":"14","key_words":"价值 共生","id":"10"},{"archive_type_name":"认知科学","image":"1693382935689.jpg","file":"9756978104913920.html","author":"陈春花","publish_house":"中国人民出版社","rowNum":"14","name":"价值共生14","archive_type_id":"14","key_words":"价值 共生","id":"14"}]
2023-10-11 13:37:52.327 [http-nio-8090-exec-1] INFO  com.bookroles.configurer.EncryptFilter - 加密返回数据,运行时间:7
2023-10-11 13:37:55.426 [http-nio-8090-exec-4] INFO  com.bookroles.configurer.EncryptFilter - 进入加解密过滤器,URL:http://192.168.1.100:8090/bookroles/book/findHot.do
2023-10-11 13:37:55.426 [http-nio-8090-exec-4] INFO  com.bookroles.configurer.EncryptFilter - 进入加解密过滤器,时间:1697002675426
2023-10-11 13:37:55.426 [http-nio-8090-exec-4] INFO  com.bookroles.configurer.EncryptFilter - 解密请求数据:{"row":1}
2023-10-11 13:37:55.430 [http-nio-8090-exec-4] INFO  com.bookroles.configurer.EncryptFilter - 原始返回数据:[{"archive_type_name":"认知科学","image":"1693380712834.jpg","file":"9756977974890496.html","author":"弗雷?卡尔","publish_house":"中信出版社","rowNum":"1","name":"技术陷阱","archive_type_id":"14","key_words":"技术 陷阱 工业革命 创造性创新 替代性创新 失业","id":"1"},{"archive_type_name":"认知科学","image":"1693382935689.jpg","file":"9756978004250624.html","author":"陈春花","publish_house":"中国人民出版社","rowNum":"2","name":"价值共生","archive_type_id":"14","key_words":"价值 共生","id":"2"},{"archive_type_name":"成功学","image":"1693381712215.jpg","file":"9756978021027840.html","author":"李尚龙","publish_house":"浙江出版社","rowNum":"3","name":"持续成长","archive_type_id":"13","key_words":"持续 成长","id":"3"},{"archive_type_name":"认知科学","image":"1693383144955.jpg","file":"9756978033610752.html","author":"朱建军 曹昱","publish_house":"中信出版社","rowNum":"4","name":"情绪词典","archive_type_id":"14","key_words":"情绪 词典","id":"4"}]
2023-10-11 13:37:55.431 [http-nio-8090-exec-4] INFO  com.bookroles.configurer.EncryptFilter - 加密返回数据:[{"archive_type_name":"认知科学","image":"1693380712834.jpg","file":"9756977974890496.html","author":"弗雷?卡尔","publish_house":"中信出版社","rowNum":"1","name":"技术陷阱","archive_type_id":"14","key_words":"技术 陷阱 工业革命 创造性创新 替代性创新 失业","id":"1"},{"archive_type_name":"认知科学","image":"1693382935689.jpg","file":"9756978004250624.html","author":"陈春花","publish_house":"中国人民出版社","rowNum":"2","name":"价值共生","archive_type_id":"14","key_words":"价值 共生","id":"2"},{"archive_type_name":"成功学","image":"1693381712215.jpg","file":"9756978021027840.html","author":"李尚龙","publish_house":"浙江出版社","rowNum":"3","name":"持续成长","archive_type_id":"13","key_words":"持续 成长","id":"3"},{"archive_type_name":"认知科学","image":"1693383144955.jpg","file":"9756978033610752.html","author":"朱建军 曹昱","publish_house":"中信出版社","rowNum":"4","name":"情绪词典","archive_type_id":"14","key_words":"情绪 词典","id":"4"}]
2023-10-11 13:37:55.431 [http-nio-8090-exec-4] INFO  com.bookroles.configurer.EncryptFilter - 加密返回数据,运行时间:5
2023-10-11 13:37:58.424 [http-nio-8090-exec-9] INFO  com.bookroles.configurer.EncryptFilter - 进入加解密过滤器,URL:http://192.168.1.100:8090/bookroles/detail/9756978021027840.html
2023-10-11 13:37:58.425 [http-nio-8090-exec-9] INFO  com.bookroles.configurer.EncryptFilter - 进入加解密过滤器,时间:1697002678425
2023-10-11 13:37:59.222 [http-nio-8090-exec-3] INFO  com.bookroles.configurer.EncryptFilter - 进入加解密过滤器,URL:http://192.168.1.100:8090/bookroles/book/getDetailById.do
2023-10-11 13:37:59.222 [http-nio-8090-exec-3] INFO  com.bookroles.configurer.EncryptFilter - 进入加解密过滤器,时间:1697002679222
2023-10-11 13:37:59.223 [http-nio-8090-exec-3] INFO  com.bookroles.configurer.EncryptFilter - 解密请求数据:{"id":"3"}
2023-10-11 13:37:59.228 [http-nio-8090-exec-3] INFO  com.bookroles.configurer.EncryptFilter - 原始返回数据:{"download_time":"0","search_count":"1","search_time":"0","download_count":"0"}
2023-10-11 13:37:59.229 [http-nio-8090-exec-3] INFO  com.bookroles.configurer.EncryptFilter - 加密返回数据:{"download_time":"0","search_count":"1","search_time":"0","download_count":"0"}
2023-10-11 13:37:59.230 [http-nio-8090-exec-3] INFO  com.bookroles.configurer.EncryptFilter - 加密返回数据,运行时间:8
2023-10-11 13:38:02.612 [http-nio-8090-exec-2] INFO  com.bookroles.configurer.EncryptFilter - 进入加解密过滤器,URL:http://192.168.1.100:8090/bookroles/book/getDetailById.do
2023-10-11 13:38:02.612 [http-nio-8090-exec-2] INFO  com.bookroles.configurer.EncryptFilter - 进入加解密过滤器,时间:1697002682612
2023-10-11 13:38:02.612 [http-nio-8090-exec-2] INFO  com.bookroles.configurer.EncryptFilter - 解密请求数据:{"id":"4"}
2023-10-11 13:38:02.613 [http-nio-8090-exec-2] INFO  com.bookroles.configurer.EncryptFilter - 原始返回数据:{"download_time":"0","search_count":"3","search_time":"1697002654624","download_count":"0"}
2023-10-11 13:38:02.613 [http-nio-8090-exec-2] INFO  com.bookroles.configurer.EncryptFilter - 加密返回数据:{"download_time":"0","search_count":"3","search_time":"1697002654624","download_count":"0"}
2023-10-11 13:38:02.614 [http-nio-8090-exec-2] INFO  com.bookroles.configurer.EncryptFilter - 加密返回数据,运行时间:2
