2024-01-15 16:13:46.530 [http-nio-8090-exec-4] INFO  com.bookroles.configurer.EncryptFilter - 进入加解密过滤器,URL:http://localhost:8090/bookroles/css/bootstrap.min.css
2024-01-15 16:13:46.530 [http-nio-8090-exec-6] INFO  com.bookroles.configurer.EncryptFilter - 进入加解密过滤器,URL:http://localhost:8090/bookroles/js/jquery-3.7.1.min.js
2024-01-15 16:13:46.530 [http-nio-8090-exec-5] INFO  com.bookroles.configurer.EncryptFilter - 进入加解密过滤器,URL:http://localhost:8090/bookroles/js/bootstrap.min.js
2024-01-15 16:13:46.530 [http-nio-8090-exec-7] INFO  com.bookroles.configurer.EncryptFilter - 进入加解密过滤器,URL:http://localhost:8090/bookroles/js/crypto-js2.min.js
2024-01-15 16:13:46.530 [http-nio-8090-exec-4] INFO  com.bookroles.configurer.EncryptFilter - 进入加解密过滤器,时间:1705306426530
2024-01-15 16:13:46.530 [http-nio-8090-exec-5] INFO  com.bookroles.configurer.EncryptFilter - 进入加解密过滤器,时间:1705306426530
2024-01-15 16:13:46.531 [http-nio-8090-exec-7] INFO  com.bookroles.configurer.EncryptFilter - 进入加解密过滤器,时间:1705306426531
2024-01-15 16:13:46.530 [http-nio-8090-exec-6] INFO  com.bookroles.configurer.EncryptFilter - 进入加解密过滤器,时间:1705306426530
2024-01-15 16:13:46.929 [http-nio-8090-exec-8] INFO  com.bookroles.configurer.EncryptFilter - 进入加解密过滤器,URL:http://localhost:8090/bookroles/image/16pic_7402886_b.jpg
2024-01-15 16:13:46.930 [http-nio-8090-exec-8] INFO  com.bookroles.configurer.EncryptFilter - 进入加解密过滤器,时间:1705306426930
2024-01-15 16:13:47.039 [http-nio-8090-exec-9] INFO  com.bookroles.configurer.EncryptFilter - 进入加解密过滤器,URL:http://localhost:8090/bookroles/header.html
2024-01-15 16:13:47.039 [http-nio-8090-exec-9] INFO  com.bookroles.configurer.EncryptFilter - 进入加解密过滤器,时间:1705306427039
2024-01-15 16:13:47.050 [http-nio-8090-exec-10] INFO  com.bookroles.configurer.EncryptFilter - 进入加解密过滤器,URL:http://localhost:8090/bookroles/book/findHot.do
2024-01-15 16:13:47.050 [http-nio-8090-exec-10] INFO  com.bookroles.configurer.EncryptFilter - 进入加解密过滤器,时间:1705306427050
2024-01-15 16:13:47.061 [http-nio-8090-exec-3] INFO  com.bookroles.configurer.EncryptFilter - 进入加解密过滤器,URL:http://localhost:8090/bookroles/footer.html
2024-01-15 16:13:47.061 [http-nio-8090-exec-3] INFO  com.bookroles.configurer.EncryptFilter - 进入加解密过滤器,时间:1705306427061
2024-01-15 16:13:47.071 [http-nio-8090-exec-1] INFO  com.bookroles.configurer.EncryptFilter - 进入加解密过滤器,URL:http://localhost:8090/bookroles/image/favicon.ico
2024-01-15 16:13:47.072 [http-nio-8090-exec-1] INFO  com.bookroles.configurer.EncryptFilter - 进入加解密过滤器,时间:1705306427072
2024-01-15 16:13:48.561 [http-nio-8090-exec-10] INFO  com.bookroles.configurer.EncryptFilter - 解密请求数据:{"row":1}
2024-01-15 16:13:49.730 [http-nio-8090-exec-10] INFO  com.bookroles.configurer.EncryptFilter - 原始返回数据:[{"archive_type_name":"认知科学","image":"1693380712834.jpg","file":"9756977974890496.html","author":"弗雷?卡尔","publish_house":"中信出版社","rowNum":"1","name":"技术陷阱","archive_type_id":"14","key_words":"技术 陷阱 工业革命 创造性创新 替代性创新 失业","id":"1"},{"archive_type_name":"认知科学","image":"1693382935689.jpg","file":"9756978004250624.html","author":"陈春花","publish_house":"中国人民出版社","rowNum":"2","name":"价值共生","archive_type_id":"14","key_words":"价值 共生","id":"2"},{"archive_type_name":"成功学","image":"1693381712215.jpg","file":"9756978021027840.html","author":"李尚龙","publish_house":"浙江出版社","rowNum":"3","name":"持续成长","archive_type_id":"13","key_words":"持续 成长","id":"3"},{"archive_type_name":"认知科学","image":"1693383144955.jpg","file":"9756978033610752.html","author":"朱建军 曹昱","publish_house":"中信出版社","rowNum":"4","name":"情绪词典","archive_type_id":"14","key_words":"情绪 词典","id":"4"}]
2024-01-15 16:13:49.732 [http-nio-8090-exec-10] INFO  com.bookroles.configurer.EncryptFilter - 加密返回数据:[{"archive_type_name":"认知科学","image":"1693380712834.jpg","file":"9756977974890496.html","author":"弗雷?卡尔","publish_house":"中信出版社","rowNum":"1","name":"技术陷阱","archive_type_id":"14","key_words":"技术 陷阱 工业革命 创造性创新 替代性创新 失业","id":"1"},{"archive_type_name":"认知科学","image":"1693382935689.jpg","file":"9756978004250624.html","author":"陈春花","publish_house":"中国人民出版社","rowNum":"2","name":"价值共生","archive_type_id":"14","key_words":"价值 共生","id":"2"},{"archive_type_name":"成功学","image":"1693381712215.jpg","file":"9756978021027840.html","author":"李尚龙","publish_house":"浙江出版社","rowNum":"3","name":"持续成长","archive_type_id":"13","key_words":"持续 成长","id":"3"},{"archive_type_name":"认知科学","image":"1693383144955.jpg","file":"9756978033610752.html","author":"朱建军 曹昱","publish_house":"中信出版社","rowNum":"4","name":"情绪词典","archive_type_id":"14","key_words":"情绪 词典","id":"4"}]
2024-01-15 16:13:49.732 [http-nio-8090-exec-10] INFO  com.bookroles.configurer.EncryptFilter - 加密返回数据,运行时间:2682
2024-01-15 16:13:49.776 [http-nio-8090-exec-2] INFO  com.bookroles.configurer.EncryptFilter - 进入加解密过滤器,URL:http://localhost:8090/bookroles/image/1693380712834.jpg
2024-01-15 16:13:49.776 [http-nio-8090-exec-7] INFO  com.bookroles.configurer.EncryptFilter - 进入加解密过滤器,URL:http://localhost:8090/bookroles/image/1693382935689.jpg
2024-01-15 16:13:49.776 [http-nio-8090-exec-2] INFO  com.bookroles.configurer.EncryptFilter - 进入加解密过滤器,时间:1705306429776
2024-01-15 16:13:49.776 [http-nio-8090-exec-7] INFO  com.bookroles.configurer.EncryptFilter - 进入加解密过滤器,时间:1705306429776
2024-01-15 16:13:49.776 [http-nio-8090-exec-4] INFO  com.bookroles.configurer.EncryptFilter - 进入加解密过滤器,URL:http://localhost:8090/bookroles/image/1693383144955.jpg
2024-01-15 16:13:49.777 [http-nio-8090-exec-4] INFO  com.bookroles.configurer.EncryptFilter - 进入加解密过滤器,时间:1705306429777
2024-01-15 16:13:49.777 [http-nio-8090-exec-6] INFO  com.bookroles.configurer.EncryptFilter - 进入加解密过滤器,URL:http://localhost:8090/bookroles/image/1693381712215.jpg
2024-01-15 16:13:49.777 [http-nio-8090-exec-6] INFO  com.bookroles.configurer.EncryptFilter - 进入加解密过滤器,时间:1705306429777
2024-01-15 16:13:56.596 [http-nio-8090-exec-1] INFO  com.bookroles.configurer.EncryptFilter - 进入加解密过滤器,URL:http://localhost:8090/bookroles/book/findByArchiveType.do
2024-01-15 16:13:56.596 [http-nio-8090-exec-1] INFO  com.bookroles.configurer.EncryptFilter - 进入加解密过滤器,时间:1705306436596
2024-01-15 16:13:56.597 [http-nio-8090-exec-1] INFO  com.bookroles.configurer.EncryptFilter - 解密请求数据:{"archiveTypeId":"2","row":1}
2024-01-15 16:13:56.599 [http-nio-8090-exec-1] INFO  com.bookroles.configurer.EncryptFilter - 原始返回数据:[]
2024-01-15 16:13:56.599 [http-nio-8090-exec-1] INFO  com.bookroles.configurer.EncryptFilter - 加密返回数据:[]
2024-01-15 16:13:56.600 [http-nio-8090-exec-1] INFO  com.bookroles.configurer.EncryptFilter - 加密返回数据,运行时间:4
2024-01-15 16:13:58.591 [http-nio-8090-exec-10] INFO  com.bookroles.configurer.EncryptFilter - 进入加解密过滤器,URL:http://localhost:8090/bookroles/book/findByArchiveType.do
2024-01-15 16:13:58.591 [http-nio-8090-exec-10] INFO  com.bookroles.configurer.EncryptFilter - 进入加解密过滤器,时间:1705306438591
2024-01-15 16:13:58.591 [http-nio-8090-exec-10] INFO  com.bookroles.configurer.EncryptFilter - 解密请求数据:{"archiveTypeId":"6","row":1}
2024-01-15 16:13:58.593 [http-nio-8090-exec-10] INFO  com.bookroles.configurer.EncryptFilter - 原始返回数据:[]
2024-01-15 16:13:58.593 [http-nio-8090-exec-10] INFO  com.bookroles.configurer.EncryptFilter - 加密返回数据:[]
2024-01-15 16:13:58.593 [http-nio-8090-exec-10] INFO  com.bookroles.configurer.EncryptFilter - 加密返回数据,运行时间:2
2024-01-15 16:14:01.115 [http-nio-8090-exec-2] INFO  com.bookroles.configurer.EncryptFilter - 进入加解密过滤器,URL:http://localhost:8090/bookroles/book/findByArchiveType.do
2024-01-15 16:14:01.116 [http-nio-8090-exec-2] INFO  com.bookroles.configurer.EncryptFilter - 进入加解密过滤器,时间:1705306441116
2024-01-15 16:14:01.116 [http-nio-8090-exec-2] INFO  com.bookroles.configurer.EncryptFilter - 解密请求数据:{"archiveTypeId":"3","row":1}
2024-01-15 16:14:01.118 [http-nio-8090-exec-2] INFO  com.bookroles.configurer.EncryptFilter - 原始返回数据:[]
2024-01-15 16:14:01.119 [http-nio-8090-exec-2] INFO  com.bookroles.configurer.EncryptFilter - 加密返回数据:[]
2024-01-15 16:14:01.119 [http-nio-8090-exec-2] INFO  com.bookroles.configurer.EncryptFilter - 加密返回数据,运行时间:3
2024-01-15 16:14:02.623 [http-nio-8090-exec-7] INFO  com.bookroles.configurer.EncryptFilter - 进入加解密过滤器,URL:http://localhost:8090/bookroles/book/findByArchiveType.do
2024-01-15 16:14:02.623 [http-nio-8090-exec-7] INFO  com.bookroles.configurer.EncryptFilter - 进入加解密过滤器,时间:1705306442623
2024-01-15 16:14:02.624 [http-nio-8090-exec-7] INFO  com.bookroles.configurer.EncryptFilter - 解密请求数据:{"archiveTypeId":"4","row":1}
2024-01-15 16:14:02.625 [http-nio-8090-exec-7] INFO  com.bookroles.configurer.EncryptFilter - 原始返回数据:[]
2024-01-15 16:14:02.626 [http-nio-8090-exec-7] INFO  com.bookroles.configurer.EncryptFilter - 加密返回数据:[]
2024-01-15 16:14:02.626 [http-nio-8090-exec-7] INFO  com.bookroles.configurer.EncryptFilter - 加密返回数据,运行时间:3
2024-01-15 16:14:04.591 [http-nio-8090-exec-6] INFO  com.bookroles.configurer.EncryptFilter - 进入加解密过滤器,URL:http://localhost:8090/bookroles/book/findByArchiveType.do
2024-01-15 16:14:04.591 [http-nio-8090-exec-6] INFO  com.bookroles.configurer.EncryptFilter - 进入加解密过滤器,时间:1705306444591
2024-01-15 16:14:04.591 [http-nio-8090-exec-6] INFO  com.bookroles.configurer.EncryptFilter - 解密请求数据:{"archiveTypeId":"2","row":1}
2024-01-15 16:14:04.593 [http-nio-8090-exec-6] INFO  com.bookroles.configurer.EncryptFilter - 原始返回数据:[]
2024-01-15 16:14:04.594 [http-nio-8090-exec-6] INFO  com.bookroles.configurer.EncryptFilter - 加密返回数据:[]
2024-01-15 16:14:04.594 [http-nio-8090-exec-6] INFO  com.bookroles.configurer.EncryptFilter - 加密返回数据,运行时间:3
2024-01-15 16:14:05.243 [http-nio-8090-exec-4] INFO  com.bookroles.configurer.EncryptFilter - 进入加解密过滤器,URL:http://localhost:8090/bookroles/book/findHot.do
2024-01-15 16:14:05.244 [http-nio-8090-exec-4] INFO  com.bookroles.configurer.EncryptFilter - 进入加解密过滤器,时间:1705306445244
2024-01-15 16:14:05.244 [http-nio-8090-exec-4] INFO  com.bookroles.configurer.EncryptFilter - 解密请求数据:{"row":1}
2024-01-15 16:14:05.246 [http-nio-8090-exec-4] INFO  com.bookroles.configurer.EncryptFilter - 原始返回数据:[{"archive_type_name":"认知科学","image":"1693380712834.jpg","file":"9756977974890496.html","author":"弗雷?卡尔","publish_house":"中信出版社","rowNum":"1","name":"技术陷阱","archive_type_id":"14","key_words":"技术 陷阱 工业革命 创造性创新 替代性创新 失业","id":"1"},{"archive_type_name":"认知科学","image":"1693382935689.jpg","file":"9756978004250624.html","author":"陈春花","publish_house":"中国人民出版社","rowNum":"2","name":"价值共生","archive_type_id":"14","key_words":"价值 共生","id":"2"},{"archive_type_name":"成功学","image":"1693381712215.jpg","file":"9756978021027840.html","author":"李尚龙","publish_house":"浙江出版社","rowNum":"3","name":"持续成长","archive_type_id":"13","key_words":"持续 成长","id":"3"},{"archive_type_name":"认知科学","image":"1693383144955.jpg","file":"9756978033610752.html","author":"朱建军 曹昱","publish_house":"中信出版社","rowNum":"4","name":"情绪词典","archive_type_id":"14","key_words":"情绪 词典","id":"4"}]
2024-01-15 16:14:05.247 [http-nio-8090-exec-4] INFO  com.bookroles.configurer.EncryptFilter - 加密返回数据:[{"archive_type_name":"认知科学","image":"1693380712834.jpg","file":"9756977974890496.html","author":"弗雷?卡尔","publish_house":"中信出版社","rowNum":"1","name":"技术陷阱","archive_type_id":"14","key_words":"技术 陷阱 工业革命 创造性创新 替代性创新 失业","id":"1"},{"archive_type_name":"认知科学","image":"1693382935689.jpg","file":"9756978004250624.html","author":"陈春花","publish_house":"中国人民出版社","rowNum":"2","name":"价值共生","archive_type_id":"14","key_words":"价值 共生","id":"2"},{"archive_type_name":"成功学","image":"1693381712215.jpg","file":"9756978021027840.html","author":"李尚龙","publish_house":"浙江出版社","rowNum":"3","name":"持续成长","archive_type_id":"13","key_words":"持续 成长","id":"3"},{"archive_type_name":"认知科学","image":"1693383144955.jpg","file":"9756978033610752.html","author":"朱建军 曹昱","publish_house":"中信出版社","rowNum":"4","name":"情绪词典","archive_type_id":"14","key_words":"情绪 词典","id":"4"}]
2024-01-15 16:14:05.247 [http-nio-8090-exec-4] INFO  com.bookroles.configurer.EncryptFilter - 加密返回数据,运行时间:3
2024-01-15 16:14:06.599 [http-nio-8090-exec-5] INFO  com.bookroles.configurer.EncryptFilter - 进入加解密过滤器,URL:http://localhost:8090/bookroles/book/findHot.do
2024-01-15 16:14:06.599 [http-nio-8090-exec-5] INFO  com.bookroles.configurer.EncryptFilter - 进入加解密过滤器,时间:1705306446599
2024-01-15 16:14:06.599 [http-nio-8090-exec-5] INFO  com.bookroles.configurer.EncryptFilter - 解密请求数据:{"row":2}
2024-01-15 16:14:06.601 [http-nio-8090-exec-5] INFO  com.bookroles.configurer.EncryptFilter - 原始返回数据:[{"archive_type_name":"认知科学","image":"1693380712834.jpg","file":"9756978041999360.html","author":"弗雷?卡尔","publish_house":"中信出版社","rowNum":"5","name":"技术陷阱5","archive_type_id":"14","key_words":"技术 陷阱","id":"5"},{"archive_type_name":"认知科学","image":"1693380712834.jpg","file":"9756978050387968.html","author":"弗雷?卡尔","publish_house":"中信出版社","rowNum":"6","name":"技术陷阱6","archive_type_id":"14","key_words":"技术 陷阱","id":"6"},{"archive_type_name":"认知科学","image":"1693380712834.jpg","file":"9756978054582272.html","author":"弗雷?卡尔","publish_house":"中信出版社","rowNum":"7","name":"技术陷阱7","archive_type_id":"14","key_words":"技术 陷阱","id":"7"},{"archive_type_name":"认知科学","image":"1693380712834.jpg","file":"9756978062970880.html","author":"弗雷?卡尔","publish_house":"中信出版社","rowNum":"8","name":"技术陷阱8","archive_type_id":"14","key_words":"技术 陷阱","id":"8"}]
2024-01-15 16:14:06.602 [http-nio-8090-exec-5] INFO  com.bookroles.configurer.EncryptFilter - 加密返回数据:[{"archive_type_name":"认知科学","image":"1693380712834.jpg","file":"9756978041999360.html","author":"弗雷?卡尔","publish_house":"中信出版社","rowNum":"5","name":"技术陷阱5","archive_type_id":"14","key_words":"技术 陷阱","id":"5"},{"archive_type_name":"认知科学","image":"1693380712834.jpg","file":"9756978050387968.html","author":"弗雷?卡尔","publish_house":"中信出版社","rowNum":"6","name":"技术陷阱6","archive_type_id":"14","key_words":"技术 陷阱","id":"6"},{"archive_type_name":"认知科学","image":"1693380712834.jpg","file":"9756978054582272.html","author":"弗雷?卡尔","publish_house":"中信出版社","rowNum":"7","name":"技术陷阱7","archive_type_id":"14","key_words":"技术 陷阱","id":"7"},{"archive_type_name":"认知科学","image":"1693380712834.jpg","file":"9756978062970880.html","author":"弗雷?卡尔","publish_house":"中信出版社","rowNum":"8","name":"技术陷阱8","archive_type_id":"14","key_words":"技术 陷阱","id":"8"}]
2024-01-15 16:14:06.602 [http-nio-8090-exec-5] INFO  com.bookroles.configurer.EncryptFilter - 加密返回数据,运行时间:3
2024-01-15 16:14:14.752 [http-nio-8090-exec-8] INFO  com.bookroles.configurer.EncryptFilter - 进入加解密过滤器,URL:http://localhost:8090/bookroles/book/findByArchiveType.do
2024-01-15 16:14:14.752 [http-nio-8090-exec-8] INFO  com.bookroles.configurer.EncryptFilter - 进入加解密过滤器,时间:1705306454752
2024-01-15 16:14:14.752 [http-nio-8090-exec-8] INFO  com.bookroles.configurer.EncryptFilter - 解密请求数据:{"archiveTypeId":"9","row":1}
2024-01-15 16:14:14.753 [http-nio-8090-exec-8] INFO  com.bookroles.configurer.EncryptFilter - 原始返回数据:[]
2024-01-15 16:14:14.754 [http-nio-8090-exec-8] INFO  com.bookroles.configurer.EncryptFilter - 加密返回数据:[]
2024-01-15 16:14:14.754 [http-nio-8090-exec-8] INFO  com.bookroles.configurer.EncryptFilter - 加密返回数据,运行时间:2
2024-01-15 16:14:16.167 [http-nio-8090-exec-3] INFO  com.bookroles.configurer.EncryptFilter - 进入加解密过滤器,URL:http://localhost:8090/bookroles/book/findByArchiveType.do
2024-01-15 16:14:16.167 [http-nio-8090-exec-3] INFO  com.bookroles.configurer.EncryptFilter - 进入加解密过滤器,时间:1705306456167
2024-01-15 16:14:16.168 [http-nio-8090-exec-3] INFO  com.bookroles.configurer.EncryptFilter - 解密请求数据:{"archiveTypeId":"14","row":1}
2024-01-15 16:14:16.170 [http-nio-8090-exec-3] INFO  com.bookroles.configurer.EncryptFilter - 原始返回数据:[{"archive_type_name":"认知科学","image":"1693380712834.jpg","file":"9756977974890496.html","author":"弗雷?卡尔","publish_house":"中信出版社","rowNum":"1","name":"技术陷阱","archive_type_id":"14","key_words":"技术 陷阱 工业革命 创造性创新 替代性创新 失业","id":"1"},{"archive_type_name":"认知科学","image":"1693382935689.jpg","file":"9756978004250624.html","author":"陈春花","publish_house":"中国人民出版社","rowNum":"2","name":"价值共生","archive_type_id":"14","key_words":"价值 共生","id":"2"},{"archive_type_name":"认知科学","image":"1693383144955.jpg","file":"9756978033610752.html","author":"朱建军 曹昱","publish_house":"中信出版社","rowNum":"4","name":"情绪词典","archive_type_id":"14","key_words":"情绪 词典","id":"4"},{"archive_type_name":"认知科学","image":"1693380712834.jpg","file":"9756978041999360.html","author":"弗雷?卡尔","publish_house":"中信出版社","rowNum":"5","name":"技术陷阱5","archive_type_id":"14","key_words":"技术 陷阱","id":"5"}]
2024-01-15 16:14:16.171 [http-nio-8090-exec-3] INFO  com.bookroles.configurer.EncryptFilter - 加密返回数据:[{"archive_type_name":"认知科学","image":"1693380712834.jpg","file":"9756977974890496.html","author":"弗雷?卡尔","publish_house":"中信出版社","rowNum":"1","name":"技术陷阱","archive_type_id":"14","key_words":"技术 陷阱 工业革命 创造性创新 替代性创新 失业","id":"1"},{"archive_type_name":"认知科学","image":"1693382935689.jpg","file":"9756978004250624.html","author":"陈春花","publish_house":"中国人民出版社","rowNum":"2","name":"价值共生","archive_type_id":"14","key_words":"价值 共生","id":"2"},{"archive_type_name":"认知科学","image":"1693383144955.jpg","file":"9756978033610752.html","author":"朱建军 曹昱","publish_house":"中信出版社","rowNum":"4","name":"情绪词典","archive_type_id":"14","key_words":"情绪 词典","id":"4"},{"archive_type_name":"认知科学","image":"1693380712834.jpg","file":"9756978041999360.html","author":"弗雷?卡尔","publish_house":"中信出版社","rowNum":"5","name":"技术陷阱5","archive_type_id":"14","key_words":"技术 陷阱","id":"5"}]
2024-01-15 16:14:16.172 [http-nio-8090-exec-3] INFO  com.bookroles.configurer.EncryptFilter - 加密返回数据,运行时间:5
2024-01-15 16:14:17.628 [http-nio-8090-exec-1] INFO  com.bookroles.configurer.EncryptFilter - 进入加解密过滤器,URL:http://localhost:8090/bookroles/book/findByArchiveType.do
2024-01-15 16:14:17.628 [http-nio-8090-exec-1] INFO  com.bookroles.configurer.EncryptFilter - 进入加解密过滤器,时间:1705306457628
2024-01-15 16:14:17.628 [http-nio-8090-exec-1] INFO  com.bookroles.configurer.EncryptFilter - 解密请求数据:{"archiveTypeId":"16","row":1}
2024-01-15 16:14:17.631 [http-nio-8090-exec-1] INFO  com.bookroles.configurer.EncryptFilter - 原始返回数据:[]
2024-01-15 16:14:17.631 [http-nio-8090-exec-1] INFO  com.bookroles.configurer.EncryptFilter - 加密返回数据:[]
2024-01-15 16:14:17.631 [http-nio-8090-exec-1] INFO  com.bookroles.configurer.EncryptFilter - 加密返回数据,运行时间:3
2024-01-15 16:14:19.804 [http-nio-8090-exec-10] INFO  com.bookroles.configurer.EncryptFilter - 进入加解密过滤器,URL:http://localhost:8090/bookroles/book/findByArchiveType.do
2024-01-15 16:14:19.804 [http-nio-8090-exec-10] INFO  com.bookroles.configurer.EncryptFilter - 进入加解密过滤器,时间:1705306459804
2024-01-15 16:14:19.804 [http-nio-8090-exec-10] INFO  com.bookroles.configurer.EncryptFilter - 解密请求数据:{"archiveTypeId":"6","row":1}
2024-01-15 16:14:19.806 [http-nio-8090-exec-10] INFO  com.bookroles.configurer.EncryptFilter - 原始返回数据:[]
2024-01-15 16:14:19.807 [http-nio-8090-exec-10] INFO  com.bookroles.configurer.EncryptFilter - 加密返回数据:[]
2024-01-15 16:14:19.807 [http-nio-8090-exec-10] INFO  com.bookroles.configurer.EncryptFilter - 加密返回数据,运行时间:3
2024-01-15 16:14:22.591 [http-nio-8090-exec-2] INFO  com.bookroles.configurer.EncryptFilter - 进入加解密过滤器,URL:http://localhost:8090/bookroles/book/findByWord.do
2024-01-15 16:14:22.591 [http-nio-8090-exec-2] INFO  com.bookroles.configurer.EncryptFilter - 进入加解密过滤器,时间:1705306462591
2024-01-15 16:14:22.591 [http-nio-8090-exec-2] INFO  com.bookroles.configurer.EncryptFilter - 解密请求数据:{"word":"价值","row":1}
2024-01-15 16:14:22.595 [http-nio-8090-exec-2] INFO  com.bookroles.configurer.EncryptFilter - 原始返回数据:[{"archive_type_name":"认知科学","image":"1693382935689.jpg","file":"9756978004250624.html","author":"陈春花","publish_house":"中国人民出版社","rowNum":"2","name":"价值共生","archive_type_id":"14","key_words":"价值 共生","id":"2"},{"archive_type_name":"成功学","image":"1693381712215.jpg","file":"9756978021027840.html","author":"李尚龙","publish_house":"浙江出版社","rowNum":"3","name":"持续成长","archive_type_id":"13","key_words":"持续 成长","id":"3"},{"archive_type_name":"认知科学","image":"1693382935689.jpg","file":"9756978079748096.html","author":"陈春花","publish_house":"中国人民出版社","rowNum":"10","name":"价值共生10","archive_type_id":"14","key_words":"价值 共生","id":"10"},{"archive_type_name":"认知科学","image":"1693382935689.jpg","file":"9756978104913920.html","author":"陈春花","publish_house":"中国人民出版社","rowNum":"14","name":"价值共生14","archive_type_id":"14","key_words":"价值 共生","id":"14"}]
2024-01-15 16:14:22.596 [http-nio-8090-exec-2] INFO  com.bookroles.configurer.EncryptFilter - 加密返回数据:[{"archive_type_name":"认知科学","image":"1693382935689.jpg","file":"9756978004250624.html","author":"陈春花","publish_house":"中国人民出版社","rowNum":"2","name":"价值共生","archive_type_id":"14","key_words":"价值 共生","id":"2"},{"archive_type_name":"成功学","image":"1693381712215.jpg","file":"9756978021027840.html","author":"李尚龙","publish_house":"浙江出版社","rowNum":"3","name":"持续成长","archive_type_id":"13","key_words":"持续 成长","id":"3"},{"archive_type_name":"认知科学","image":"1693382935689.jpg","file":"9756978079748096.html","author":"陈春花","publish_house":"中国人民出版社","rowNum":"10","name":"价值共生10","archive_type_id":"14","key_words":"价值 共生","id":"10"},{"archive_type_name":"认知科学","image":"1693382935689.jpg","file":"9756978104913920.html","author":"陈春花","publish_house":"中国人民出版社","rowNum":"14","name":"价值共生14","archive_type_id":"14","key_words":"价值 共生","id":"14"}]
2024-01-15 16:14:22.596 [http-nio-8090-exec-2] INFO  com.bookroles.configurer.EncryptFilter - 加密返回数据,运行时间:5
2024-01-15 16:14:30.196 [http-nio-8090-exec-6] INFO  com.bookroles.configurer.EncryptFilter - 进入加解密过滤器,URL:http://localhost:8090/bookroles/detail/9756978004250624.html
2024-01-15 16:14:30.196 [http-nio-8090-exec-6] INFO  com.bookroles.configurer.EncryptFilter - 进入加解密过滤器,时间:1705306470196
2024-01-15 16:14:30.230 [http-nio-8090-exec-4] INFO  com.bookroles.configurer.EncryptFilter - 进入加解密过滤器,URL:http://localhost:8090/bookroles/bootstrap-icons/font/bootstrap-icons.min.css
2024-01-15 16:14:30.230 [http-nio-8090-exec-4] INFO  com.bookroles.configurer.EncryptFilter - 进入加解密过滤器,时间:1705306470230
2024-01-15 16:14:30.233 [http-nio-8090-exec-5] INFO  com.bookroles.configurer.EncryptFilter - 进入加解密过滤器,URL:http://localhost:8090/bookroles/js/base64.js
2024-01-15 16:14:30.233 [http-nio-8090-exec-5] INFO  com.bookroles.configurer.EncryptFilter - 进入加解密过滤器,时间:1705306470233
2024-01-15 16:14:30.264 [http-nio-8090-exec-9] INFO  com.bookroles.configurer.EncryptFilter - 进入加解密过滤器,URL:http://localhost:8090/bookroles/image/bgbook.jpg
2024-01-15 16:14:30.265 [http-nio-8090-exec-9] INFO  com.bookroles.configurer.EncryptFilter - 进入加解密过滤器,时间:1705306470265
2024-01-15 16:14:30.363 [http-nio-8090-exec-8] INFO  com.bookroles.configurer.EncryptFilter - 进入加解密过滤器,URL:http://localhost:8090/bookroles/bootstrap-icons/font/fonts/bootstrap-icons.woff2
2024-01-15 16:14:30.363 [http-nio-8090-exec-8] INFO  com.bookroles.configurer.EncryptFilter - 进入加解密过滤器,时间:1705306470363
2024-01-15 16:14:30.798 [http-nio-8090-exec-3] INFO  com.bookroles.configurer.EncryptFilter - 进入加解密过滤器,URL:http://localhost:8090/bookroles/book/getDetailById.do
2024-01-15 16:14:30.798 [http-nio-8090-exec-3] INFO  com.bookroles.configurer.EncryptFilter - 进入加解密过滤器,时间:1705306470798
2024-01-15 16:14:30.798 [http-nio-8090-exec-3] INFO  com.bookroles.configurer.EncryptFilter - 解密请求数据:{"id":"2"}
2024-01-15 16:14:30.808 [http-nio-8090-exec-3] INFO  com.bookroles.configurer.EncryptFilter - 原始返回数据:{"download_time":"0","search_count":"1","search_time":"0","download_count":"0"}
2024-01-15 16:14:30.808 [http-nio-8090-exec-3] INFO  com.bookroles.configurer.EncryptFilter - 加密返回数据:{"download_time":"0","search_count":"1","search_time":"0","download_count":"0"}
2024-01-15 16:14:30.808 [http-nio-8090-exec-3] INFO  com.bookroles.configurer.EncryptFilter - 加密返回数据,运行时间:10
2024-01-15 16:14:42.070 [http-nio-8090-exec-2] INFO  com.bookroles.configurer.EncryptFilter - 进入加解密过滤器,URL:http://localhost:8090/bookroles/detail/9756978079748096.html
2024-01-15 16:14:42.071 [http-nio-8090-exec-2] INFO  com.bookroles.configurer.EncryptFilter - 进入加解密过滤器,时间:1705306482071
2024-01-15 16:14:42.637 [http-nio-8090-exec-7] INFO  com.bookroles.configurer.EncryptFilter - 进入加解密过滤器,URL:http://localhost:8090/bookroles/book/getDetailById.do
2024-01-15 16:14:42.637 [http-nio-8090-exec-7] INFO  com.bookroles.configurer.EncryptFilter - 进入加解密过滤器,时间:1705306482637
2024-01-15 16:14:42.638 [http-nio-8090-exec-7] INFO  com.bookroles.configurer.EncryptFilter - 解密请求数据:{"id":"10"}
2024-01-15 16:14:42.640 [http-nio-8090-exec-7] INFO  com.bookroles.configurer.EncryptFilter - 原始返回数据:{"download_time":"0","search_count":"1","search_time":"0","download_count":"0"}
2024-01-15 16:14:42.640 [http-nio-8090-exec-7] INFO  com.bookroles.configurer.EncryptFilter - 加密返回数据:{"download_time":"0","search_count":"1","search_time":"0","download_count":"0"}
2024-01-15 16:14:42.640 [http-nio-8090-exec-7] INFO  com.bookroles.configurer.EncryptFilter - 加密返回数据,运行时间:3
2024-01-15 16:14:53.243 [http-nio-8090-exec-5] INFO  com.bookroles.configurer.EncryptFilter - 进入加解密过滤器,URL:http://localhost:8090/bookroles/book/findByWord.do
2024-01-15 16:14:53.244 [http-nio-8090-exec-5] INFO  com.bookroles.configurer.EncryptFilter - 进入加解密过滤器,时间:1705306493244
2024-01-15 16:14:53.244 [http-nio-8090-exec-5] INFO  com.bookroles.configurer.EncryptFilter - 解密请求数据:{"word":"价值","row":2}
2024-01-15 16:14:53.245 [http-nio-8090-exec-5] INFO  com.bookroles.configurer.EncryptFilter - 原始返回数据:[{"archive_type_name":"认知科学","image":"1693382935689.jpg","file":"9756978130079744.html","author":"陈春花","publish_house":"中国人民出版社","rowNum":"18","name":"价值共生18","archive_type_id":"14","key_words":"价值 共生 创造性","id":"18"},{"archive_type_name":"认知科学","image":"1693382935689.jpg","file":"9756978004250624.html","author":"陈春花","publish_house":"中国人民出版社","rowNum":"2","name":"价值共生","archive_type_id":"14","key_words":"价值 共生","id":"2"},{"archive_type_name":"成功学","image":"1693381712215.jpg","file":"9756978021027840.html","author":"李尚龙","publish_house":"浙江出版社","rowNum":"3","name":"持续成长","archive_type_id":"13","key_words":"持续 成长","id":"3"},{"archive_type_name":"认知科学","image":"1693382935689.jpg","file":"9756978079748096.html","author":"陈春花","publish_house":"中国人民出版社","rowNum":"10","name":"价值共生10","archive_type_id":"14","key_words":"价值 共生","id":"10"}]
2024-01-15 16:14:53.246 [http-nio-8090-exec-5] INFO  com.bookroles.configurer.EncryptFilter - 加密返回数据:[{"archive_type_name":"认知科学","image":"1693382935689.jpg","file":"9756978130079744.html","author":"陈春花","publish_house":"中国人民出版社","rowNum":"18","name":"价值共生18","archive_type_id":"14","key_words":"价值 共生 创造性","id":"18"},{"archive_type_name":"认知科学","image":"1693382935689.jpg","file":"9756978004250624.html","author":"陈春花","publish_house":"中国人民出版社","rowNum":"2","name":"价值共生","archive_type_id":"14","key_words":"价值 共生","id":"2"},{"archive_type_name":"成功学","image":"1693381712215.jpg","file":"9756978021027840.html","author":"李尚龙","publish_house":"浙江出版社","rowNum":"3","name":"持续成长","archive_type_id":"13","key_words":"持续 成长","id":"3"},{"archive_type_name":"认知科学","image":"1693382935689.jpg","file":"9756978079748096.html","author":"陈春花","publish_house":"中国人民出版社","rowNum":"10","name":"价值共生10","archive_type_id":"14","key_words":"价值 共生","id":"10"}]
2024-01-15 16:14:53.246 [http-nio-8090-exec-5] INFO  com.bookroles.configurer.EncryptFilter - 加密返回数据,运行时间:2
2024-01-15 16:15:02.672 [http-nio-8090-exec-8] INFO  com.bookroles.configurer.EncryptFilter - 进入加解密过滤器,URL:http://localhost:8090/bookroles/book/findByArchiveType.do
2024-01-15 16:15:02.673 [http-nio-8090-exec-8] INFO  com.bookroles.configurer.EncryptFilter - 进入加解密过滤器,时间:1705306502673
2024-01-15 16:15:02.673 [http-nio-8090-exec-8] INFO  com.bookroles.configurer.EncryptFilter - 解密请求数据:{"archiveTypeId":"2","row":1}
2024-01-15 16:15:02.675 [http-nio-8090-exec-8] INFO  com.bookroles.configurer.EncryptFilter - 原始返回数据:[]
2024-01-15 16:15:02.676 [http-nio-8090-exec-8] INFO  com.bookroles.configurer.EncryptFilter - 加密返回数据:[]
2024-01-15 16:15:02.676 [http-nio-8090-exec-8] INFO  com.bookroles.configurer.EncryptFilter - 加密返回数据,运行时间:3
2024-01-15 16:15:04.631 [http-nio-8090-exec-3] INFO  com.bookroles.configurer.EncryptFilter - 进入加解密过滤器,URL:http://localhost:8090/bookroles/book/findByArchiveType.do
2024-01-15 16:15:04.632 [http-nio-8090-exec-3] INFO  com.bookroles.configurer.EncryptFilter - 进入加解密过滤器,时间:1705306504632
2024-01-15 16:15:04.632 [http-nio-8090-exec-3] INFO  com.bookroles.configurer.EncryptFilter - 解密请求数据:{"archiveTypeId":"3","row":1}
2024-01-15 16:15:04.633 [http-nio-8090-exec-3] INFO  com.bookroles.configurer.EncryptFilter - 原始返回数据:[]
2024-01-15 16:15:04.634 [http-nio-8090-exec-3] INFO  com.bookroles.configurer.EncryptFilter - 加密返回数据:[]
2024-01-15 16:15:04.634 [http-nio-8090-exec-3] INFO  com.bookroles.configurer.EncryptFilter - 加密返回数据,运行时间:2
2024-01-15 16:15:06.535 [http-nio-8090-exec-10] INFO  com.bookroles.configurer.EncryptFilter - 进入加解密过滤器,URL:http://localhost:8090/bookroles/book/findByArchiveType.do
2024-01-15 16:15:06.535 [http-nio-8090-exec-10] INFO  com.bookroles.configurer.EncryptFilter - 进入加解密过滤器,时间:1705306506535
2024-01-15 16:15:06.536 [http-nio-8090-exec-10] INFO  com.bookroles.configurer.EncryptFilter - 解密请求数据:{"archiveTypeId":"6","row":1}
2024-01-15 16:15:06.537 [http-nio-8090-exec-10] INFO  com.bookroles.configurer.EncryptFilter - 原始返回数据:[]
2024-01-15 16:15:06.537 [http-nio-8090-exec-10] INFO  com.bookroles.configurer.EncryptFilter - 加密返回数据:[]
2024-01-15 16:15:06.538 [http-nio-8090-exec-10] INFO  com.bookroles.configurer.EncryptFilter - 加密返回数据,运行时间:2
2024-01-15 16:15:08.108 [http-nio-8090-exec-1] INFO  com.bookroles.configurer.EncryptFilter - 进入加解密过滤器,URL:http://localhost:8090/bookroles/book/findByArchiveType.do
2024-01-15 16:15:08.108 [http-nio-8090-exec-1] INFO  com.bookroles.configurer.EncryptFilter - 进入加解密过滤器,时间:1705306508108
2024-01-15 16:15:08.109 [http-nio-8090-exec-1] INFO  com.bookroles.configurer.EncryptFilter - 解密请求数据:{"archiveTypeId":"11","row":1}
2024-01-15 16:15:08.111 [http-nio-8090-exec-1] INFO  com.bookroles.configurer.EncryptFilter - 原始返回数据:[]
2024-01-15 16:15:08.111 [http-nio-8090-exec-1] INFO  com.bookroles.configurer.EncryptFilter - 加密返回数据:[]
2024-01-15 16:15:08.111 [http-nio-8090-exec-1] INFO  com.bookroles.configurer.EncryptFilter - 加密返回数据,运行时间:3
2024-01-15 16:15:09.567 [http-nio-8090-exec-2] INFO  com.bookroles.configurer.EncryptFilter - 进入加解密过滤器,URL:http://localhost:8090/bookroles/book/findByArchiveType.do
2024-01-15 16:15:09.567 [http-nio-8090-exec-2] INFO  com.bookroles.configurer.EncryptFilter - 进入加解密过滤器,时间:1705306509567
2024-01-15 16:15:09.567 [http-nio-8090-exec-2] INFO  com.bookroles.configurer.EncryptFilter - 解密请求数据:{"archiveTypeId":"14","row":1}
2024-01-15 16:15:09.569 [http-nio-8090-exec-2] INFO  com.bookroles.configurer.EncryptFilter - 原始返回数据:[{"archive_type_name":"认知科学","image":"1693380712834.jpg","file":"9756977974890496.html","author":"弗雷?卡尔","publish_house":"中信出版社","rowNum":"1","name":"技术陷阱","archive_type_id":"14","key_words":"技术 陷阱 工业革命 创造性创新 替代性创新 失业","id":"1"},{"archive_type_name":"认知科学","image":"1693382935689.jpg","file":"9756978004250624.html","author":"陈春花","publish_house":"中国人民出版社","rowNum":"2","name":"价值共生","archive_type_id":"14","key_words":"价值 共生","id":"2"},{"archive_type_name":"认知科学","image":"1693383144955.jpg","file":"9756978033610752.html","author":"朱建军 曹昱","publish_house":"中信出版社","rowNum":"4","name":"情绪词典","archive_type_id":"14","key_words":"情绪 词典","id":"4"},{"archive_type_name":"认知科学","image":"1693380712834.jpg","file":"9756978041999360.html","author":"弗雷?卡尔","publish_house":"中信出版社","rowNum":"5","name":"技术陷阱5","archive_type_id":"14","key_words":"技术 陷阱","id":"5"}]
2024-01-15 16:15:09.569 [http-nio-8090-exec-2] INFO  com.bookroles.configurer.EncryptFilter - 加密返回数据:[{"archive_type_name":"认知科学","image":"1693380712834.jpg","file":"9756977974890496.html","author":"弗雷?卡尔","publish_house":"中信出版社","rowNum":"1","name":"技术陷阱","archive_type_id":"14","key_words":"技术 陷阱 工业革命 创造性创新 替代性创新 失业","id":"1"},{"archive_type_name":"认知科学","image":"1693382935689.jpg","file":"9756978004250624.html","author":"陈春花","publish_house":"中国人民出版社","rowNum":"2","name":"价值共生","archive_type_id":"14","key_words":"价值 共生","id":"2"},{"archive_type_name":"认知科学","image":"1693383144955.jpg","file":"9756978033610752.html","author":"朱建军 曹昱","publish_house":"中信出版社","rowNum":"4","name":"情绪词典","archive_type_id":"14","key_words":"情绪 词典","id":"4"},{"archive_type_name":"认知科学","image":"1693380712834.jpg","file":"9756978041999360.html","author":"弗雷?卡尔","publish_house":"中信出版社","rowNum":"5","name":"技术陷阱5","archive_type_id":"14","key_words":"技术 陷阱","id":"5"}]
2024-01-15 16:15:09.569 [http-nio-8090-exec-2] INFO  com.bookroles.configurer.EncryptFilter - 加密返回数据,运行时间:2
2024-01-15 16:15:11.112 [http-nio-8090-exec-7] INFO  com.bookroles.configurer.EncryptFilter - 进入加解密过滤器,URL:http://localhost:8090/bookroles/detail/9756978033610752.html
2024-01-15 16:15:11.112 [http-nio-8090-exec-7] INFO  com.bookroles.configurer.EncryptFilter - 进入加解密过滤器,时间:1705306511112
2024-01-15 16:15:11.682 [http-nio-8090-exec-4] INFO  com.bookroles.configurer.EncryptFilter - 进入加解密过滤器,URL:http://localhost:8090/bookroles/book/getDetailById.do
2024-01-15 16:15:11.682 [http-nio-8090-exec-4] INFO  com.bookroles.configurer.EncryptFilter - 进入加解密过滤器,时间:1705306511682
2024-01-15 16:15:11.683 [http-nio-8090-exec-4] INFO  com.bookroles.configurer.EncryptFilter - 解密请求数据:{"id":"4"}
2024-01-15 16:15:11.684 [http-nio-8090-exec-4] INFO  com.bookroles.configurer.EncryptFilter - 原始返回数据:{"download_time":"0","search_count":"1","search_time":"0","download_count":"0"}
2024-01-15 16:15:11.684 [http-nio-8090-exec-4] INFO  com.bookroles.configurer.EncryptFilter - 加密返回数据:{"download_time":"0","search_count":"1","search_time":"0","download_count":"0"}
2024-01-15 16:15:11.684 [http-nio-8090-exec-4] INFO  com.bookroles.configurer.EncryptFilter - 加密返回数据,运行时间:2
2024-01-15 16:23:14.951 [http-nio-8090-exec-9] INFO  com.bookroles.configurer.EncryptFilter - 进入加解密过滤器,URL:http://localhost:8090/bookroles/js/bootstrap.min.js.map
2024-01-15 16:23:14.951 [http-nio-8090-exec-9] INFO  com.bookroles.configurer.EncryptFilter - 进入加解密过滤器,时间:1705306994951
2024-01-15 16:23:14.955 [http-nio-8090-exec-8] INFO  com.bookroles.configurer.EncryptFilter - 进入加解密过滤器,URL:http://localhost:8090/bookroles/css/bootstrap.min.css.map
2024-01-15 16:23:14.955 [http-nio-8090-exec-8] INFO  com.bookroles.configurer.EncryptFilter - 进入加解密过滤器,时间:1705306994955
